<?xml version="1.0" encoding="UTF-8"?>
<testsuite xmlns:xsi="http://www.w3.org/2001/XMLSchema-instance" xsi:noNamespaceSchemaLocation="https://maven.apache.org/surefire/maven-surefire-plugin/xsd/surefire-test-report-3.0.xsd" version="3.0" name="poly.edu.vn.display.other.NguochocDaoNGTest" time="4.429" tests="11" errors="0" skipped="0" failures="9">
  <properties>
    <property name="java.specification.version" value="14"/>
    <property name="sun.cpu.isalist" value="amd64"/>
    <property name="sun.jnu.encoding" value="Cp1252"/>
    <property name="java.class.path" value="C:\Users\Tien Minh\Documents\NetBeansProjects\polyshop-pro-testing\target\test-classes;C:\Users\Tien Minh\Documents\NetBeansProjects\polyshop-pro-testing\target\classes;C:\Users\Tien Minh\.m2\repository\com\microsoft\sqlserver\mssql-jdbc\8.2.0.jre8\mssql-jdbc-8.2.0.jre8.jar;C:\Users\Tien Minh\.m2\repository\com\toedter\jcalendar\1.4\jcalendar-1.4.jar;C:\Users\Tien Minh\.m2\repository\org\junit\jupiter\junit-jupiter-api\5.3.1\junit-jupiter-api-5.3.1.jar;C:\Users\Tien Minh\.m2\repository\org\apiguardian\apiguardian-api\1.0.0\apiguardian-api-1.0.0.jar;C:\Users\Tien Minh\.m2\repository\org\opentest4j\opentest4j\1.1.1\opentest4j-1.1.1.jar;C:\Users\Tien Minh\.m2\repository\org\junit\platform\junit-platform-commons\1.3.1\junit-platform-commons-1.3.1.jar;C:\Users\Tien Minh\.m2\repository\org\junit\jupiter\junit-jupiter-params\5.3.1\junit-jupiter-params-5.3.1.jar;C:\Users\Tien Minh\.m2\repository\org\junit\jupiter\junit-jupiter-engine\5.3.1\junit-jupiter-engine-5.3.1.jar;C:\Users\Tien Minh\.m2\repository\org\junit\platform\junit-platform-engine\1.3.1\junit-platform-engine-1.3.1.jar;C:\Users\Tien Minh\.m2\repository\org\junit\platform\junit-platform-surefire-provider\1.3.2\junit-platform-surefire-provider-1.3.2.jar;C:\Users\Tien Minh\.m2\repository\org\junit\platform\junit-platform-launcher\1.3.2\junit-platform-launcher-1.3.2.jar;C:\Users\Tien Minh\.m2\repository\org\apache\maven\surefire\surefire-api\2.22.0\surefire-api-2.22.0.jar;C:\Users\Tien Minh\.m2\repository\org\apache\maven\surefire\surefire-logger-api\2.22.0\surefire-logger-api-2.22.0.jar;C:\Users\Tien Minh\.m2\repository\org\apache\maven\surefire\common-java5\2.22.0\common-java5-2.22.0.jar;C:\Users\Tien Minh\.m2\repository\org\mockito\mockito-core\2.28.2\mockito-core-2.28.2.jar;C:\Users\Tien Minh\.m2\repository\net\bytebuddy\byte-buddy\1.9.10\byte-buddy-1.9.10.jar;C:\Users\Tien Minh\.m2\repository\net\bytebuddy\byte-buddy-agent\1.9.10\byte-buddy-agent-1.9.10.jar;C:\Users\Tien Minh\.m2\repository\org\powermock\powermock-core\2.0.2\powermock-core-2.0.2.jar;C:\Users\Tien Minh\.m2\repository\org\javassist\javassist\3.24.0-GA\javassist-3.24.0-GA.jar;C:\Users\Tien Minh\.m2\repository\org\powermock\powermock-api-mockito2\2.0.2\powermock-api-mockito2-2.0.2.jar;C:\Users\Tien Minh\.m2\repository\org\powermock\powermock-api-support\2.0.2\powermock-api-support-2.0.2.jar;C:\Users\Tien Minh\.m2\repository\org\powermock\powermock-module-junit4-common\2.0.2\powermock-module-junit4-common-2.0.2.jar;C:\Users\Tien Minh\.m2\repository\org\hamcrest\hamcrest-core\1.3\hamcrest-core-1.3.jar;C:\Users\Tien Minh\.m2\repository\org\powermock\powermock-module-junit4\2.0.2\powermock-module-junit4-2.0.2.jar;C:\Users\Tien Minh\.m2\repository\org\powermock\powermock-module-testng\2.0.2\powermock-module-testng-2.0.2.jar;C:\Users\Tien Minh\.m2\repository\org\powermock\powermock-module-testng-common\2.0.2\powermock-module-testng-common-2.0.2.jar;C:\Users\Tien Minh\.m2\repository\org\powermock\powermock-reflect\2.0.2\powermock-reflect-2.0.2.jar;C:\Users\Tien Minh\.m2\repository\net\bytebuddy\byte-buddy-dep\1.9.13\byte-buddy-dep-1.9.13.jar;C:\Users\Tien Minh\.m2\repository\org\ow2\asm\asm\7.1\asm-7.1.jar;C:\Users\Tien Minh\.m2\repository\org\ow2\asm\asm-commons\7.1\asm-commons-7.1.jar;C:\Users\Tien Minh\.m2\repository\com\mockrunner\mockrunner-jdbc\2.0.1\mockrunner-jdbc-2.0.1.jar;C:\Users\Tien Minh\.m2\repository\commons-logging\commons-logging\1.0.4\commons-logging-1.0.4.jar;C:\Users\Tien Minh\.m2\repository\com\mockrunner\mockrunner-core\2.0.1\mockrunner-core-2.0.1.jar;C:\Users\Tien Minh\.m2\repository\jdom\jdom\1.0\jdom-1.0.jar;C:\Users\Tien Minh\.m2\repository\com\kirkk\jaranalyzer\1.2\jaranalyzer-1.2.jar;C:\Users\Tien Minh\.m2\repository\bcel\bcel\5.1\bcel-5.1.jar;C:\Users\Tien Minh\.m2\repository\regexp\regexp\1.2\regexp-1.2.jar;C:\Users\Tien Minh\.m2\repository\jakarta-regexp\jakarta-regexp\1.4\jakarta-regexp-1.4.jar;C:\Users\Tien Minh\.m2\repository\ant\ant\1.6.5\ant-1.6.5.jar;C:\Users\Tien Minh\.m2\repository\nekohtml\nekohtml\0.9.5\nekohtml-0.9.5.jar;C:\Users\Tien Minh\.m2\repository\xerces\xercesImpl\2.4.0\xercesImpl-2.4.0.jar;C:\Users\Tien Minh\.m2\repository\org\testng\testng\7.1.0\testng-7.1.0.jar;C:\Users\Tien Minh\.m2\repository\com\beust\jcommander\1.72\jcommander-1.72.jar;C:\Users\Tien Minh\.m2\repository\com\google\inject\guice\4.1.0\guice-4.1.0-no_aop.jar;C:\Users\Tien Minh\.m2\repository\javax\inject\javax.inject\1\javax.inject-1.jar;C:\Users\Tien Minh\.m2\repository\aopalliance\aopalliance\1.0\aopalliance-1.0.jar;C:\Users\Tien Minh\.m2\repository\org\yaml\snakeyaml\1.21\snakeyaml-1.21.jar;C:\Users\Tien Minh\.m2\repository\org\objenesis\objenesis\3.0.1\objenesis-3.0.1.jar;C:\Users\Tien Minh\.m2\repository\oro\oro\2.0.8\oro-2.0.8.jar;C:\Users\Tien Minh\.m2\repository\org\seleniumhq\selenium\selenium-java\2.44.0\selenium-java-2.44.0.jar;C:\Users\Tien Minh\.m2\repository\org\seleniumhq\selenium\selenium-chrome-driver\2.44.0\selenium-chrome-driver-2.44.0.jar;C:\Users\Tien Minh\.m2\repository\org\seleniumhq\selenium\selenium-remote-driver\2.44.0\selenium-remote-driver-2.44.0.jar;C:\Users\Tien Minh\.m2\repository\cglib\cglib-nodep\2.1_3\cglib-nodep-2.1_3.jar;C:\Users\Tien Minh\.m2\repository\com\google\code\gson\gson\2.3\gson-2.3.jar;C:\Users\Tien Minh\.m2\repository\org\seleniumhq\selenium\selenium-api\2.44.0\selenium-api-2.44.0.jar;C:\Users\Tien Minh\.m2\repository\org\seleniumhq\selenium\selenium-htmlunit-driver\2.44.0\selenium-htmlunit-driver-2.44.0.jar;C:\Users\Tien Minh\.m2\repository\net\sourceforge\htmlunit\htmlunit\2.15\htmlunit-2.15.jar;C:\Users\Tien Minh\.m2\repository\xalan\xalan\2.7.1\xalan-2.7.1.jar;C:\Users\Tien Minh\.m2\repository\xalan\serializer\2.7.1\serializer-2.7.1.jar;C:\Users\Tien Minh\.m2\repository\xml-apis\xml-apis\1.3.04\xml-apis-1.3.04.jar;C:\Users\Tien Minh\.m2\repository\commons-collections\commons-collections\3.2.1\commons-collections-3.2.1.jar;C:\Users\Tien Minh\.m2\repository\org\apache\commons\commons-lang3\3.3.2\commons-lang3-3.3.2.jar;C:\Users\Tien Minh\.m2\repository\org\apache\httpcomponents\httpmime\4.3.3\httpmime-4.3.3.jar;C:\Users\Tien Minh\.m2\repository\commons-codec\commons-codec\1.9\commons-codec-1.9.jar;C:\Users\Tien Minh\.m2\repository\net\sourceforge\htmlunit\htmlunit-core-js\2.15\htmlunit-core-js-2.15.jar;C:\Users\Tien Minh\.m2\repository\net\sourceforge\nekohtml\nekohtml\1.9.21\nekohtml-1.9.21.jar;C:\Users\Tien Minh\.m2\repository\net\sourceforge\cssparser\cssparser\0.9.14\cssparser-0.9.14.jar;C:\Users\Tien Minh\.m2\repository\org\w3c\css\sac\1.3\sac-1.3.jar;C:\Users\Tien Minh\.m2\repository\org\eclipse\jetty\jetty-websocket\8.1.15.v20140411\jetty-websocket-8.1.15.v20140411.jar;C:\Users\Tien Minh\.m2\repository\org\eclipse\jetty\jetty-util\8.1.15.v20140411\jetty-util-8.1.15.v20140411.jar;C:\Users\Tien Minh\.m2\repository\org\eclipse\jetty\jetty-io\8.1.15.v20140411\jetty-io-8.1.15.v20140411.jar;C:\Users\Tien Minh\.m2\repository\org\eclipse\jetty\jetty-http\8.1.15.v20140411\jetty-http-8.1.15.v20140411.jar;C:\Users\Tien Minh\.m2\repository\org\apache\httpcomponents\httpclient\4.3.4\httpclient-4.3.4.jar;C:\Users\Tien Minh\.m2\repository\org\apache\httpcomponents\httpcore\4.3.2\httpcore-4.3.2.jar;C:\Users\Tien Minh\.m2\repository\org\seleniumhq\selenium\selenium-firefox-driver\2.44.0\selenium-firefox-driver-2.44.0.jar;C:\Users\Tien Minh\.m2\repository\commons-io\commons-io\2.4\commons-io-2.4.jar;C:\Users\Tien Minh\.m2\repository\org\seleniumhq\selenium\selenium-ie-driver\2.44.0\selenium-ie-driver-2.44.0.jar;C:\Users\Tien Minh\.m2\repository\net\java\dev\jna\jna\3.4.0\jna-3.4.0.jar;C:\Users\Tien Minh\.m2\repository\net\java\dev\jna\platform\3.4.0\platform-3.4.0.jar;C:\Users\Tien Minh\.m2\repository\org\seleniumhq\selenium\selenium-safari-driver\2.44.0\selenium-safari-driver-2.44.0.jar;C:\Users\Tien Minh\.m2\repository\org\seleniumhq\selenium\selenium-support\2.44.0\selenium-support-2.44.0.jar;C:\Users\Tien Minh\.m2\repository\org\webbitserver\webbit\0.4.14\webbit-0.4.14.jar;C:\Users\Tien Minh\.m2\repository\io\netty\netty\3.5.2.Final\netty-3.5.2.Final.jar;C:\Users\Tien Minh\.m2\repository\com\opera\operadriver\1.5\operadriver-1.5.jar;C:\Users\Tien Minh\.m2\repository\com\opera\operalaunchers\1.1\operalaunchers-1.1.jar;C:\Users\Tien Minh\.m2\repository\com\google\protobuf\protobuf-java\2.4.1\protobuf-java-2.4.1.jar;C:\Users\Tien Minh\.m2\repository\com\google\guava\guava\14.0\guava-14.0.jar;C:\Users\Tien Minh\.m2\repository\commons-jxpath\commons-jxpath\1.3\commons-jxpath-1.3.jar;C:\Users\Tien Minh\.m2\repository\org\apache\commons\commons-exec\1.1\commons-exec-1.1.jar;C:\Users\Tien Minh\.m2\repository\org\ini4j\ini4j\0.5.2\ini4j-0.5.2.jar;C:\Users\Tien Minh\.m2\repository\junit\junit\4.11\junit-4.11.jar;"/>
    <property name="java.vm.vendor" value="Oracle Corporation"/>
    <property name="sun.arch.data.model" value="64"/>
    <property name="user.variant" value=""/>
    <property name="java.vendor.url" value="https://java.oracle.com/"/>
    <property name="user.timezone" value="Asia/Saigon"/>
    <property name="os.name" value="Windows 10"/>
    <property name="java.vm.specification.version" value="14"/>
    <property name="user.country" value="US"/>
    <property name="sun.java.launcher" value="SUN_STANDARD"/>
    <property name="sun.boot.library.path" value="C:\Program Files\Java\jdk-14.0.1\bin"/>
    <property name="sun.java.command" value="C:\Users\Tien Minh\AppData\Local\Temp\surefire14544729975429156506\surefirebooter3854563545735835141.jar C:\Users\Tien Minh\AppData\Local\Temp\surefire14544729975429156506 2020-06-24T18-42-56_883-jvmRun1 surefire958080443509362167tmp surefire_010148721126176091606tmp"/>
    <property name="jdk.debug" value="release"/>
    <property name="test" value="poly.edu.vn.display.other.NguochocDaoNGTest"/>
    <property name="surefire.test.class.path" value="C:\Users\Tien Minh\Documents\NetBeansProjects\polyshop-pro-testing\target\test-classes;C:\Users\Tien Minh\Documents\NetBeansProjects\polyshop-pro-testing\target\classes;C:\Users\Tien Minh\.m2\repository\com\microsoft\sqlserver\mssql-jdbc\8.2.0.jre8\mssql-jdbc-8.2.0.jre8.jar;C:\Users\Tien Minh\.m2\repository\com\toedter\jcalendar\1.4\jcalendar-1.4.jar;C:\Users\Tien Minh\.m2\repository\org\junit\jupiter\junit-jupiter-api\5.3.1\junit-jupiter-api-5.3.1.jar;C:\Users\Tien Minh\.m2\repository\org\apiguardian\apiguardian-api\1.0.0\apiguardian-api-1.0.0.jar;C:\Users\Tien Minh\.m2\repository\org\opentest4j\opentest4j\1.1.1\opentest4j-1.1.1.jar;C:\Users\Tien Minh\.m2\repository\org\junit\platform\junit-platform-commons\1.3.1\junit-platform-commons-1.3.1.jar;C:\Users\Tien Minh\.m2\repository\org\junit\jupiter\junit-jupiter-params\5.3.1\junit-jupiter-params-5.3.1.jar;C:\Users\Tien Minh\.m2\repository\org\junit\jupiter\junit-jupiter-engine\5.3.1\junit-jupiter-engine-5.3.1.jar;C:\Users\Tien Minh\.m2\repository\org\junit\platform\junit-platform-engine\1.3.1\junit-platform-engine-1.3.1.jar;C:\Users\Tien Minh\.m2\repository\org\junit\platform\junit-platform-surefire-provider\1.3.2\junit-platform-surefire-provider-1.3.2.jar;C:\Users\Tien Minh\.m2\repository\org\junit\platform\junit-platform-launcher\1.3.2\junit-platform-launcher-1.3.2.jar;C:\Users\Tien Minh\.m2\repository\org\apache\maven\surefire\surefire-api\2.22.0\surefire-api-2.22.0.jar;C:\Users\Tien Minh\.m2\repository\org\apache\maven\surefire\surefire-logger-api\2.22.0\surefire-logger-api-2.22.0.jar;C:\Users\Tien Minh\.m2\repository\org\apache\maven\surefire\common-java5\2.22.0\common-java5-2.22.0.jar;C:\Users\Tien Minh\.m2\repository\org\mockito\mockito-core\2.28.2\mockito-core-2.28.2.jar;C:\Users\Tien Minh\.m2\repository\net\bytebuddy\byte-buddy\1.9.10\byte-buddy-1.9.10.jar;C:\Users\Tien Minh\.m2\repository\net\bytebuddy\byte-buddy-agent\1.9.10\byte-buddy-agent-1.9.10.jar;C:\Users\Tien Minh\.m2\repository\org\powermock\powermock-core\2.0.2\powermock-core-2.0.2.jar;C:\Users\Tien Minh\.m2\repository\org\javassist\javassist\3.24.0-GA\javassist-3.24.0-GA.jar;C:\Users\Tien Minh\.m2\repository\org\powermock\powermock-api-mockito2\2.0.2\powermock-api-mockito2-2.0.2.jar;C:\Users\Tien Minh\.m2\repository\org\powermock\powermock-api-support\2.0.2\powermock-api-support-2.0.2.jar;C:\Users\Tien Minh\.m2\repository\org\powermock\powermock-module-junit4-common\2.0.2\powermock-module-junit4-common-2.0.2.jar;C:\Users\Tien Minh\.m2\repository\org\hamcrest\hamcrest-core\1.3\hamcrest-core-1.3.jar;C:\Users\Tien Minh\.m2\repository\org\powermock\powermock-module-junit4\2.0.2\powermock-module-junit4-2.0.2.jar;C:\Users\Tien Minh\.m2\repository\org\powermock\powermock-module-testng\2.0.2\powermock-module-testng-2.0.2.jar;C:\Users\Tien Minh\.m2\repository\org\powermock\powermock-module-testng-common\2.0.2\powermock-module-testng-common-2.0.2.jar;C:\Users\Tien Minh\.m2\repository\org\powermock\powermock-reflect\2.0.2\powermock-reflect-2.0.2.jar;C:\Users\Tien Minh\.m2\repository\net\bytebuddy\byte-buddy-dep\1.9.13\byte-buddy-dep-1.9.13.jar;C:\Users\Tien Minh\.m2\repository\org\ow2\asm\asm\7.1\asm-7.1.jar;C:\Users\Tien Minh\.m2\repository\org\ow2\asm\asm-commons\7.1\asm-commons-7.1.jar;C:\Users\Tien Minh\.m2\repository\com\mockrunner\mockrunner-jdbc\2.0.1\mockrunner-jdbc-2.0.1.jar;C:\Users\Tien Minh\.m2\repository\commons-logging\commons-logging\1.0.4\commons-logging-1.0.4.jar;C:\Users\Tien Minh\.m2\repository\com\mockrunner\mockrunner-core\2.0.1\mockrunner-core-2.0.1.jar;C:\Users\Tien Minh\.m2\repository\jdom\jdom\1.0\jdom-1.0.jar;C:\Users\Tien Minh\.m2\repository\com\kirkk\jaranalyzer\1.2\jaranalyzer-1.2.jar;C:\Users\Tien Minh\.m2\repository\bcel\bcel\5.1\bcel-5.1.jar;C:\Users\Tien Minh\.m2\repository\regexp\regexp\1.2\regexp-1.2.jar;C:\Users\Tien Minh\.m2\repository\jakarta-regexp\jakarta-regexp\1.4\jakarta-regexp-1.4.jar;C:\Users\Tien Minh\.m2\repository\ant\ant\1.6.5\ant-1.6.5.jar;C:\Users\Tien Minh\.m2\repository\nekohtml\nekohtml\0.9.5\nekohtml-0.9.5.jar;C:\Users\Tien Minh\.m2\repository\xerces\xercesImpl\2.4.0\xercesImpl-2.4.0.jar;C:\Users\Tien Minh\.m2\repository\org\testng\testng\7.1.0\testng-7.1.0.jar;C:\Users\Tien Minh\.m2\repository\com\beust\jcommander\1.72\jcommander-1.72.jar;C:\Users\Tien Minh\.m2\repository\com\google\inject\guice\4.1.0\guice-4.1.0-no_aop.jar;C:\Users\Tien Minh\.m2\repository\javax\inject\javax.inject\1\javax.inject-1.jar;C:\Users\Tien Minh\.m2\repository\aopalliance\aopalliance\1.0\aopalliance-1.0.jar;C:\Users\Tien Minh\.m2\repository\org\yaml\snakeyaml\1.21\snakeyaml-1.21.jar;C:\Users\Tien Minh\.m2\repository\org\objenesis\objenesis\3.0.1\objenesis-3.0.1.jar;C:\Users\Tien Minh\.m2\repository\oro\oro\2.0.8\oro-2.0.8.jar;C:\Users\Tien Minh\.m2\repository\org\seleniumhq\selenium\selenium-java\2.44.0\selenium-java-2.44.0.jar;C:\Users\Tien Minh\.m2\repository\org\seleniumhq\selenium\selenium-chrome-driver\2.44.0\selenium-chrome-driver-2.44.0.jar;C:\Users\Tien Minh\.m2\repository\org\seleniumhq\selenium\selenium-remote-driver\2.44.0\selenium-remote-driver-2.44.0.jar;C:\Users\Tien Minh\.m2\repository\cglib\cglib-nodep\2.1_3\cglib-nodep-2.1_3.jar;C:\Users\Tien Minh\.m2\repository\com\google\code\gson\gson\2.3\gson-2.3.jar;C:\Users\Tien Minh\.m2\repository\org\seleniumhq\selenium\selenium-api\2.44.0\selenium-api-2.44.0.jar;C:\Users\Tien Minh\.m2\repository\org\seleniumhq\selenium\selenium-htmlunit-driver\2.44.0\selenium-htmlunit-driver-2.44.0.jar;C:\Users\Tien Minh\.m2\repository\net\sourceforge\htmlunit\htmlunit\2.15\htmlunit-2.15.jar;C:\Users\Tien Minh\.m2\repository\xalan\xalan\2.7.1\xalan-2.7.1.jar;C:\Users\Tien Minh\.m2\repository\xalan\serializer\2.7.1\serializer-2.7.1.jar;C:\Users\Tien Minh\.m2\repository\xml-apis\xml-apis\1.3.04\xml-apis-1.3.04.jar;C:\Users\Tien Minh\.m2\repository\commons-collections\commons-collections\3.2.1\commons-collections-3.2.1.jar;C:\Users\Tien Minh\.m2\repository\org\apache\commons\commons-lang3\3.3.2\commons-lang3-3.3.2.jar;C:\Users\Tien Minh\.m2\repository\org\apache\httpcomponents\httpmime\4.3.3\httpmime-4.3.3.jar;C:\Users\Tien Minh\.m2\repository\commons-codec\commons-codec\1.9\commons-codec-1.9.jar;C:\Users\Tien Minh\.m2\repository\net\sourceforge\htmlunit\htmlunit-core-js\2.15\htmlunit-core-js-2.15.jar;C:\Users\Tien Minh\.m2\repository\net\sourceforge\nekohtml\nekohtml\1.9.21\nekohtml-1.9.21.jar;C:\Users\Tien Minh\.m2\repository\net\sourceforge\cssparser\cssparser\0.9.14\cssparser-0.9.14.jar;C:\Users\Tien Minh\.m2\repository\org\w3c\css\sac\1.3\sac-1.3.jar;C:\Users\Tien Minh\.m2\repository\org\eclipse\jetty\jetty-websocket\8.1.15.v20140411\jetty-websocket-8.1.15.v20140411.jar;C:\Users\Tien Minh\.m2\repository\org\eclipse\jetty\jetty-util\8.1.15.v20140411\jetty-util-8.1.15.v20140411.jar;C:\Users\Tien Minh\.m2\repository\org\eclipse\jetty\jetty-io\8.1.15.v20140411\jetty-io-8.1.15.v20140411.jar;C:\Users\Tien Minh\.m2\repository\org\eclipse\jetty\jetty-http\8.1.15.v20140411\jetty-http-8.1.15.v20140411.jar;C:\Users\Tien Minh\.m2\repository\org\apache\httpcomponents\httpclient\4.3.4\httpclient-4.3.4.jar;C:\Users\Tien Minh\.m2\repository\org\apache\httpcomponents\httpcore\4.3.2\httpcore-4.3.2.jar;C:\Users\Tien Minh\.m2\repository\org\seleniumhq\selenium\selenium-firefox-driver\2.44.0\selenium-firefox-driver-2.44.0.jar;C:\Users\Tien Minh\.m2\repository\commons-io\commons-io\2.4\commons-io-2.4.jar;C:\Users\Tien Minh\.m2\repository\org\seleniumhq\selenium\selenium-ie-driver\2.44.0\selenium-ie-driver-2.44.0.jar;C:\Users\Tien Minh\.m2\repository\net\java\dev\jna\jna\3.4.0\jna-3.4.0.jar;C:\Users\Tien Minh\.m2\repository\net\java\dev\jna\platform\3.4.0\platform-3.4.0.jar;C:\Users\Tien Minh\.m2\repository\org\seleniumhq\selenium\selenium-safari-driver\2.44.0\selenium-safari-driver-2.44.0.jar;C:\Users\Tien Minh\.m2\repository\org\seleniumhq\selenium\selenium-support\2.44.0\selenium-support-2.44.0.jar;C:\Users\Tien Minh\.m2\repository\org\webbitserver\webbit\0.4.14\webbit-0.4.14.jar;C:\Users\Tien Minh\.m2\repository\io\netty\netty\3.5.2.Final\netty-3.5.2.Final.jar;C:\Users\Tien Minh\.m2\repository\com\opera\operadriver\1.5\operadriver-1.5.jar;C:\Users\Tien Minh\.m2\repository\com\opera\operalaunchers\1.1\operalaunchers-1.1.jar;C:\Users\Tien Minh\.m2\repository\com\google\protobuf\protobuf-java\2.4.1\protobuf-java-2.4.1.jar;C:\Users\Tien Minh\.m2\repository\com\google\guava\guava\14.0\guava-14.0.jar;C:\Users\Tien Minh\.m2\repository\commons-jxpath\commons-jxpath\1.3\commons-jxpath-1.3.jar;C:\Users\Tien Minh\.m2\repository\org\apache\commons\commons-exec\1.1\commons-exec-1.1.jar;C:\Users\Tien Minh\.m2\repository\org\ini4j\ini4j\0.5.2\ini4j-0.5.2.jar;C:\Users\Tien Minh\.m2\repository\junit\junit\4.11\junit-4.11.jar;"/>
    <property name="sun.cpu.endian" value="little"/>
    <property name="user.home" value="C:\Users\Tien Minh"/>
    <property name="user.language" value="en"/>
    <property name="java.specification.vendor" value="Oracle Corporation"/>
    <property name="java.version.date" value="2020-04-14"/>
    <property name="java.home" value="C:\Program Files\Java\jdk-14.0.1"/>
    <property name="file.separator" value="\"/>
    <property name="basedir" value="C:\Users\Tien Minh\Documents\NetBeansProjects\polyshop-pro-testing"/>
    <property name="java.vm.compressedOopsMode" value="32-bit"/>
    <property name="line.separator" value="&#10;"/>
    <property name="java.vm.specification.vendor" value="Oracle Corporation"/>
    <property name="java.specification.name" value="Java Platform API Specification"/>
    <property name="surefire.real.class.path" value="C:\Users\Tien Minh\AppData\Local\Temp\surefire14544729975429156506\surefirebooter3854563545735835141.jar"/>
    <property name="user.script" value=""/>
    <property name="sun.management.compiler" value="HotSpot 64-Bit Tiered Compilers"/>
    <property name="java.runtime.version" value="14.0.1+7"/>
    <property name="user.name" value="Tien Minh"/>
    <property name="path.separator" value=";"/>
    <property name="os.version" value="10.0"/>
    <property name="java.runtime.name" value="Java(TM) SE Runtime Environment"/>
    <property name="file.encoding" value="UTF-8"/>
    <property name="java.vm.name" value="Java HotSpot(TM) 64-Bit Server VM"/>
    <property name="maven.ext.class.path" value="C:\Program Files\NetBeans-11.1\netbeans\java\maven-nblib\netbeans-eventspy.jar"/>
    <property name="localRepository" value="C:\Users\Tien Minh\.m2\repository"/>
    <property name="java.vendor.url.bug" value="https://bugreport.java.com/bugreport/"/>
    <property name="java.io.tmpdir" value="C:\Users\TIENMI~1\AppData\Local\Temp\"/>
    <property name="java.version" value="14.0.1"/>
    <property name="user.dir" value="C:\Users\Tien Minh\Documents\NetBeansProjects\polyshop-pro-testing"/>
    <property name="os.arch" value="amd64"/>
    <property name="java.vm.specification.name" value="Java Virtual Machine Specification"/>
    <property name="sun.os.patch.level" value=""/>
    <property name="java.library.path" value="C:\Program Files\Java\jdk-14.0.1\bin;C:\Windows\Sun\Java\bin;C:\Windows\system32;C:\Windows;C:\Program Files\Microsoft MPI\Bin\;C:\Program Files (x86)\Common Files\Oracle\Java\javapath;C:\ProgramData\Oracle\Java\javapath;C:\Windows\system32;C:\Windows;C:\Windows\System32\Wbem;C:\Windows\System32\WindowsPowerShell\v1.0\;C:\Windows\System32\OpenSSH\;C:\Program Files (x86)\Microsoft SQL Server\150\Tools\Binn\;C:\Program Files\Microsoft SQL Server\150\Tools\Binn\;C:\Program Files (x86)\Microsoft SQL Server\150\DTS\Binn\;C:\Program Files\Microsoft SQL Server\150\DTS\Binn\;C:\Program Files\Microsoft SQL Server\Client SDK\ODBC\170\Tools\Binn\;C:\Program Files (x86)\Microsoft SQL Server\Client SDK\ODBC\110\Tools\Binn\;C:\Program Files (x86)\Microsoft SQL Server\120\Tools\Binn\;C:\Program Files (x86)\Microsoft SQL Server\120\DTS\Binn\;C:\Users\Tien Minh\AppData\Local\Microsoft\WindowsApps;;C:\Users\Tien Minh\AppData\Local\Programs\Microsoft VS Code\bin;."/>
    <property name="java.vm.info" value="mixed mode, sharing"/>
    <property name="java.vendor" value="Oracle Corporation"/>
    <property name="java.vm.version" value="14.0.1+7"/>
    <property name="sun.io.unicode.encoding" value="UnicodeLittle"/>
    <property name="java.class.version" value="58.0"/>
  </properties>
  <testcase name="testDelete" classname="poly.edu.vn.display.other.NguochocDaoNGTest" time="0.056">
    <failure message="The test case is a prototype." type="java.lang.AssertionError"><![CDATA[java.lang.AssertionError: The test case is a prototype.
	at poly.edu.vn.display.other.NguochocDaoNGTest.testDelete(NguochocDaoNGTest.java:107)
]]></failure>
    <system-out><![CDATA[delete
]]></system-out>
  </testcase>
  <testcase name="testFindById" classname="poly.edu.vn.display.other.NguochocDaoNGTest" time="0.01">
    <failure type="java.lang.NullPointerException"><![CDATA[java.lang.NullPointerException
	at poly.edu.vn.display.other.NguochocDaoNGTest.testFindById(NguochocDaoNGTest.java:148)
]]></failure>
    <system-out><![CDATA[findById
]]></system-out>
  </testcase>
  <testcase name="testFindByIdWithNotFoundID" classname="poly.edu.vn.display.other.NguochocDaoNGTest" time="0.045">
    <failure message="&#10;Misplaced or misused argument matcher detected here:&#10;&#10;-&gt; at poly.edu.vn.display.other.NguochocDaoNGTest.testFindByIdWithNotFoundID(NguochocDaoNGTest.java:181)&#10;-&gt; at poly.edu.vn.display.other.NguochocDaoNGTest.testFindByIdWithNotFoundID(NguochocDaoNGTest.java:182)&#10;&#10;You cannot use argument matchers outside of verification or stubbing.&#10;Examples of correct usage of argument matchers:&#10;    when(mock.get(anyInt())).thenReturn(null);&#10;    doThrow(new RuntimeException()).when(mock).someVoidMethod(anyObject());&#10;    verify(mock).someMethod(contains(&quot;foo&quot;))&#10;&#10;This message may appear after an NullPointerException if the last matcher is returning an object &#10;like any() but the stubbed method signature expect a primitive argument, in this case,&#10;use primitive alternatives.&#10;    when(mock.get(any())); // bad use, will raise NPE&#10;    when(mock.get(anyInt())); // correct usage use&#10;&#10;Also, this error might show up because you use argument matchers with methods that cannot be mocked.&#10;Following methods *cannot* be stubbed/verified: final/private/equals()/hashCode().&#10;Mocking methods declared on non-public parent classes is not supported.&#10;" type="org.mockito.exceptions.misusing.InvalidUseOfMatchersException"><![CDATA[org.mockito.exceptions.misusing.InvalidUseOfMatchersException: 

Misplaced or misused argument matcher detected here:

-> at poly.edu.vn.display.other.NguochocDaoNGTest.testFindByIdWithNotFoundID(NguochocDaoNGTest.java:181)
-> at poly.edu.vn.display.other.NguochocDaoNGTest.testFindByIdWithNotFoundID(NguochocDaoNGTest.java:182)

You cannot use argument matchers outside of verification or stubbing.
Examples of correct usage of argument matchers:
    when(mock.get(anyInt())).thenReturn(null);
    doThrow(new RuntimeException()).when(mock).someVoidMethod(anyObject());
    verify(mock).someMethod(contains("foo"))

This message may appear after an NullPointerException if the last matcher is returning an object 
like any() but the stubbed method signature expect a primitive argument, in this case,
use primitive alternatives.
    when(mock.get(any())); // bad use, will raise NPE
    when(mock.get(anyInt())); // correct usage use

Also, this error might show up because you use argument matchers with methods that cannot be mocked.
Following methods *cannot* be stubbed/verified: final/private/equals()/hashCode().
Mocking methods declared on non-public parent classes is not supported.

]]></failure>
    <system-out><![CDATA[findById
]]></system-out>
  </testcase>
  <testcase name="testFindByIdWithvalidID" classname="poly.edu.vn.display.other.NguochocDaoNGTest" time="0.014">
    <failure message="org.mockito.exceptions.misusing.UnfinishedStubbingException: &#10;Unfinished stubbing detected here:&#10;-&gt; at poly.edu.vn.display.other.NguochocDaoNGTest.testFindByIdWithNotFoundID(NguochocDaoNGTest.java:179)&#10;&#10;E.g. thenReturn() may be missing.&#10;Examples of correct stubbing:&#10;    when(mock.isOk()).thenReturn(true);&#10;    when(mock.isOk()).thenThrow(exception);&#10;    doThrow(exception).when(mock).someVoidMethod();&#10;Hints:&#10; 1. missing thenReturn()&#10; 2. you are trying to stub a final method, which is not supported&#10; 3: you are stubbing the behaviour of another mock inside before &apos;thenReturn&apos; instruction is completed&#10;" type="org.powermock.core.InvocationException"><![CDATA[org.powermock.core.InvocationException: 
org.mockito.exceptions.misusing.UnfinishedStubbingException: 
Unfinished stubbing detected here:
-> at poly.edu.vn.display.other.NguochocDaoNGTest.testFindByIdWithNotFoundID(NguochocDaoNGTest.java:179)

E.g. thenReturn() may be missing.
Examples of correct stubbing:
    when(mock.isOk()).thenReturn(true);
    when(mock.isOk()).thenThrow(exception);
    doThrow(exception).when(mock).someVoidMethod();
Hints:
 1. missing thenReturn()
 2. you are trying to stub a final method, which is not supported
 3: you are stubbing the behaviour of another mock inside before 'thenReturn' instruction is completed

	at poly.edu.vn.display.other.NguochocDaoNGTest.testFindByIdWithvalidID(NguochocDaoNGTest.java:159)
Caused by: org.mockito.exceptions.misusing.UnfinishedStubbingException: 

Unfinished stubbing detected here:
-> at poly.edu.vn.display.other.NguochocDaoNGTest.testFindByIdWithNotFoundID(NguochocDaoNGTest.java:179)

E.g. thenReturn() may be missing.
Examples of correct stubbing:
    when(mock.isOk()).thenReturn(true);
    when(mock.isOk()).thenThrow(exception);
    doThrow(exception).when(mock).someVoidMethod();
Hints:
 1. missing thenReturn()
 2. you are trying to stub a final method, which is not supported
 3: you are stubbing the behaviour of another mock inside before 'thenReturn' instruction is completed

	at poly.edu.vn.display.other.NguochocDaoNGTest.testFindByIdWithvalidID(NguochocDaoNGTest.java:159)
]]></failure>
    <system-out><![CDATA[findById
]]></system-out>
  </testcase>
  <testcase name="testInsertWWithNullModel" classname="poly.edu.vn.display.other.NguochocDaoNGTest" time="0.002"/>
  <testcase name="testInsertWithEmptyModel" classname="poly.edu.vn.display.other.NguochocDaoNGTest" time="0.004">
    <failure message="&#10;Method NguochocDaoNGTest.testInsertWithEmptyModel()[pri:0, instance:poly.edu.vn.display.other.NguochocDaoNGTest_$$_jvsta96_0@35a3d49f] should have thrown an exception of type class java.lang.Exception" type="org.testng.TestException"><![CDATA[org.testng.TestException: 

Method NguochocDaoNGTest.testInsertWithEmptyModel()[pri:0, instance:poly.edu.vn.display.other.NguochocDaoNGTest_$$_jvsta96_0@35a3d49f] should have thrown an exception of type class java.lang.Exception
]]></failure>
    <system-out><![CDATA[insert
]]></system-out>
  </testcase>
  <testcase name="testInsertWithValidModer" classname="poly.edu.vn.display.other.NguochocDaoNGTest" time="0.002"/>
  <testcase name="testSelect" classname="poly.edu.vn.display.other.NguochocDaoNGTest" time="0.004">
    <failure type="java.lang.NullPointerException"><![CDATA[java.lang.NullPointerException
	at poly.edu.vn.display.other.NguochocDaoNGTest.testSelect(NguochocDaoNGTest.java:115)
]]></failure>
    <system-out><![CDATA[select
]]></system-out>
  </testcase>
  <testcase name="testSelectByCourse" classname="poly.edu.vn.display.other.NguochocDaoNGTest" time="0.008">
    <failure type="java.lang.NullPointerException"><![CDATA[java.lang.NullPointerException
	at poly.edu.vn.display.other.NguochocDaoNGTest.testSelectByCourse(NguochocDaoNGTest.java:137)
]]></failure>
    <system-out><![CDATA[selectByCourse
]]></system-out>
  </testcase>
  <testcase name="testSelectByKeyword" classname="poly.edu.vn.display.other.NguochocDaoNGTest" time="0.039">
    <failure type="java.lang.NullPointerException"><![CDATA[java.lang.NullPointerException
	at poly.edu.vn.display.other.NguochocDaoNGTest.testSelectByKeyword(NguochocDaoNGTest.java:126)
]]></failure>
    <system-out><![CDATA[selectByKeyword
]]></system-out>
  </testcase>
  <testcase name="testUpdate" classname="poly.edu.vn.display.other.NguochocDaoNGTest" time="0.008">
    <failure type="java.lang.NullPointerException"><![CDATA[java.lang.NullPointerException
	at poly.edu.vn.display.other.NguochocDaoNGTest.testUpdate(NguochocDaoNGTest.java:97)
]]></failure>
    <system-out><![CDATA[update
]]></system-out>
  </testcase>
</testsuite>