<?xml version="1.0" encoding="UTF-8"?>
<!-- Generated by org.testng.reporters.JUnitReportReporter -->
<testsuite hostname="DESKTOP-290VP95" failures="8" tests="12" name="poly.edu.vn.display.other.HocVienNGTest" time="0.016" errors="2" timestamp="2020-06-25T14:02:16 ICT" skipped="0">
  <testcase classname="poly.edu.vn.display.other.HocVienNGTest" name="testSetDiemWithNegative" time="0.000">
    <error message="
Method HocVienNGTest.testSetDiemWithNegative()[pri:0, instance:poly.edu.vn.display.other.HocVienNGTest@35fc6dc4] should have thrown an exception of type class java.lang.Exception" type="org.testng.TestException">
      <![CDATA[org.testng.TestException: 
Method HocVienNGTest.testSetDiemWithNegative()[pri:0, instance:poly.edu.vn.display.other.HocVienNGTest@35fc6dc4] should have thrown an exception of type class java.lang.Exception
at org.testng.internal.ExpectedExceptionsHolder.noException(ExpectedExceptionsHolder.java:82)
at org.testng.internal.TestInvoker.considerExceptions(TestInvoker.java:741)
at org.testng.internal.TestInvoker.invokeMethod(TestInvoker.java:629)
at org.testng.internal.TestInvoker.invokeTestMethod(TestInvoker.java:173)
at org.testng.internal.MethodRunner.runInSequence(MethodRunner.java:46)
at org.testng.internal.TestInvoker$MethodInvocationAgent.invoke(TestInvoker.java:816)
at org.testng.internal.TestInvoker.invokeTestMethods(TestInvoker.java:146)
at org.testng.internal.TestMethodWorker.invokeTestMethods(TestMethodWorker.java:146)
at org.testng.internal.TestMethodWorker.run(TestMethodWorker.java:128)
at java.base/java.util.ArrayList.forEach(ArrayList.java:1510)
at org.testng.TestRunner.privateRun(TestRunner.java:766)
at org.testng.TestRunner.run(TestRunner.java:587)
at org.testng.SuiteRunner.runTest(SuiteRunner.java:384)
at org.testng.SuiteRunner.runSequentially(SuiteRunner.java:378)
at org.testng.SuiteRunner.privateRun(SuiteRunner.java:337)
at org.testng.SuiteRunner.run(SuiteRunner.java:286)
at org.testng.SuiteRunnerWorker.runSuite(SuiteRunnerWorker.java:53)
at org.testng.SuiteRunnerWorker.run(SuiteRunnerWorker.java:96)
at org.testng.TestNG.runSuitesSequentially(TestNG.java:1187)
at org.testng.TestNG.runSuitesLocally(TestNG.java:1109)
at org.testng.TestNG.runSuites(TestNG.java:1039)
at org.testng.TestNG.run(TestNG.java:1007)
at org.apache.maven.surefire.testng.TestNGExecutor.run(TestNGExecutor.java:135)
at org.apache.maven.surefire.testng.TestNGDirectoryTestSuite.executeSingleClass(TestNGDirectoryTestSuite.java:112)
at org.apache.maven.surefire.testng.TestNGDirectoryTestSuite.execute(TestNGDirectoryTestSuite.java:99)
at org.apache.maven.surefire.testng.TestNGProvider.invoke(TestNGProvider.java:146)
at org.apache.maven.surefire.booter.ForkedBooter.runSuitesInProcess(ForkedBooter.java:377)
at org.apache.maven.surefire.booter.ForkedBooter.execute(ForkedBooter.java:138)
at org.apache.maven.surefire.booter.ForkedBooter.run(ForkedBooter.java:465)
at org.apache.maven.surefire.booter.ForkedBooter.main(ForkedBooter.java:451)
]]>
    </error>
  </testcase> <!-- testSetDiemWithNegative -->
  <system-out/>
  <testcase classname="poly.edu.vn.display.other.HocVienNGTest" name="testGetMaKH" time="0.001">
    <failure message="The test case is a prototype." type="java.lang.AssertionError">
      <![CDATA[java.lang.AssertionError: The test case is a prototype.
at org.testng.Assert.fail(Assert.java:97)
at poly.edu.vn.display.other.HocVienNGTest.testGetMaKH(HocVienNGTest.java:76)
at java.base/jdk.internal.reflect.NativeMethodAccessorImpl.invoke0(Native Method)
at java.base/jdk.internal.reflect.NativeMethodAccessorImpl.invoke(NativeMethodAccessorImpl.java:62)
at java.base/jdk.internal.reflect.DelegatingMethodAccessorImpl.invoke(DelegatingMethodAccessorImpl.java:43)
at java.base/java.lang.reflect.Method.invoke(Method.java:564)
at org.testng.internal.MethodInvocationHelper.invokeMethod(MethodInvocationHelper.java:134)
at org.testng.internal.TestInvoker.invokeMethod(TestInvoker.java:597)
at org.testng.internal.TestInvoker.invokeTestMethod(TestInvoker.java:173)
at org.testng.internal.MethodRunner.runInSequence(MethodRunner.java:46)
at org.testng.internal.TestInvoker$MethodInvocationAgent.invoke(TestInvoker.java:816)
at org.testng.internal.TestInvoker.invokeTestMethods(TestInvoker.java:146)
at org.testng.internal.TestMethodWorker.invokeTestMethods(TestMethodWorker.java:146)
at org.testng.internal.TestMethodWorker.run(TestMethodWorker.java:128)
at java.base/java.util.ArrayList.forEach(ArrayList.java:1510)
at org.testng.TestRunner.privateRun(TestRunner.java:766)
at org.testng.TestRunner.run(TestRunner.java:587)
at org.testng.SuiteRunner.runTest(SuiteRunner.java:384)
at org.testng.SuiteRunner.runSequentially(SuiteRunner.java:378)
at org.testng.SuiteRunner.privateRun(SuiteRunner.java:337)
at org.testng.SuiteRunner.run(SuiteRunner.java:286)
at org.testng.SuiteRunnerWorker.runSuite(SuiteRunnerWorker.java:53)
at org.testng.SuiteRunnerWorker.run(SuiteRunnerWorker.java:96)
at org.testng.TestNG.runSuitesSequentially(TestNG.java:1187)
at org.testng.TestNG.runSuitesLocally(TestNG.java:1109)
at org.testng.TestNG.runSuites(TestNG.java:1039)
at org.testng.TestNG.run(TestNG.java:1007)
at org.apache.maven.surefire.testng.TestNGExecutor.run(TestNGExecutor.java:135)
at org.apache.maven.surefire.testng.TestNGDirectoryTestSuite.executeSingleClass(TestNGDirectoryTestSuite.java:112)
at org.apache.maven.surefire.testng.TestNGDirectoryTestSuite.execute(TestNGDirectoryTestSuite.java:99)
at org.apache.maven.surefire.testng.TestNGProvider.invoke(TestNGProvider.java:146)
at org.apache.maven.surefire.booter.ForkedBooter.runSuitesInProcess(ForkedBooter.java:377)
at org.apache.maven.surefire.booter.ForkedBooter.execute(ForkedBooter.java:138)
at org.apache.maven.surefire.booter.ForkedBooter.run(ForkedBooter.java:465)
at org.apache.maven.surefire.booter.ForkedBooter.main(ForkedBooter.java:451)
]]>
    </failure>
  </testcase> <!-- testGetMaKH -->
  <system-out/>
  <testcase classname="poly.edu.vn.display.other.HocVienNGTest" name="testSetHocPhiWithZero" time="0.000"/>
  <system-out/>
  <testcase classname="poly.edu.vn.display.other.HocVienNGTest" name="testGetDiem" time="0.003">
    <failure message="expected [0.0] but found [-1.0]" type="java.lang.AssertionError">
      <![CDATA[java.lang.AssertionError: expected [0.0] but found [-1.0]
at org.testng.Assert.fail(Assert.java:97)
at org.testng.Assert.failNotEquals(Assert.java:969)
at org.testng.Assert.assertEquals(Assert.java:610)
at org.testng.Assert.assertEquals(Assert.java:623)
at poly.edu.vn.display.other.HocVienNGTest.testGetDiem(HocVienNGTest.java:113)
at java.base/jdk.internal.reflect.NativeMethodAccessorImpl.invoke0(Native Method)
at java.base/jdk.internal.reflect.NativeMethodAccessorImpl.invoke(NativeMethodAccessorImpl.java:62)
at java.base/jdk.internal.reflect.DelegatingMethodAccessorImpl.invoke(DelegatingMethodAccessorImpl.java:43)
at java.base/java.lang.reflect.Method.invoke(Method.java:564)
at org.testng.internal.MethodInvocationHelper.invokeMethod(MethodInvocationHelper.java:134)
at org.testng.internal.TestInvoker.invokeMethod(TestInvoker.java:597)
at org.testng.internal.TestInvoker.invokeTestMethod(TestInvoker.java:173)
at org.testng.internal.MethodRunner.runInSequence(MethodRunner.java:46)
at org.testng.internal.TestInvoker$MethodInvocationAgent.invoke(TestInvoker.java:816)
at org.testng.internal.TestInvoker.invokeTestMethods(TestInvoker.java:146)
at org.testng.internal.TestMethodWorker.invokeTestMethods(TestMethodWorker.java:146)
at org.testng.internal.TestMethodWorker.run(TestMethodWorker.java:128)
at java.base/java.util.ArrayList.forEach(ArrayList.java:1510)
at org.testng.TestRunner.privateRun(TestRunner.java:766)
at org.testng.TestRunner.run(TestRunner.java:587)
at org.testng.SuiteRunner.runTest(SuiteRunner.java:384)
at org.testng.SuiteRunner.runSequentially(SuiteRunner.java:378)
at org.testng.SuiteRunner.privateRun(SuiteRunner.java:337)
at org.testng.SuiteRunner.run(SuiteRunner.java:286)
at org.testng.SuiteRunnerWorker.runSuite(SuiteRunnerWorker.java:53)
at org.testng.SuiteRunnerWorker.run(SuiteRunnerWorker.java:96)
at org.testng.TestNG.runSuitesSequentially(TestNG.java:1187)
at org.testng.TestNG.runSuitesLocally(TestNG.java:1109)
at org.testng.TestNG.runSuites(TestNG.java:1039)
at org.testng.TestNG.run(TestNG.java:1007)
at org.apache.maven.surefire.testng.TestNGExecutor.run(TestNGExecutor.java:135)
at org.apache.maven.surefire.testng.TestNGDirectoryTestSuite.executeSingleClass(TestNGDirectoryTestSuite.java:112)
at org.apache.maven.surefire.testng.TestNGDirectoryTestSuite.execute(TestNGDirectoryTestSuite.java:99)
at org.apache.maven.surefire.testng.TestNGProvider.invoke(TestNGProvider.java:146)
at org.apache.maven.surefire.booter.ForkedBooter.runSuitesInProcess(ForkedBooter.java:377)
at org.apache.maven.surefire.booter.ForkedBooter.execute(ForkedBooter.java:138)
at org.apache.maven.surefire.booter.ForkedBooter.run(ForkedBooter.java:465)
at org.apache.maven.surefire.booter.ForkedBooter.main(ForkedBooter.java:451)
]]>
    </failure>
  </testcase> <!-- testGetDiem -->
  <system-out/>
  <testcase classname="poly.edu.vn.display.other.HocVienNGTest" name="testGetMaHV" time="0.001">
    <failure message="The test case is a prototype." type="java.lang.AssertionError">
      <![CDATA[java.lang.AssertionError: The test case is a prototype.
at org.testng.Assert.fail(Assert.java:97)
at poly.edu.vn.display.other.HocVienNGTest.testGetMaHV(HocVienNGTest.java:57)
at java.base/jdk.internal.reflect.NativeMethodAccessorImpl.invoke0(Native Method)
at java.base/jdk.internal.reflect.NativeMethodAccessorImpl.invoke(NativeMethodAccessorImpl.java:62)
at java.base/jdk.internal.reflect.DelegatingMethodAccessorImpl.invoke(DelegatingMethodAccessorImpl.java:43)
at java.base/java.lang.reflect.Method.invoke(Method.java:564)
at org.testng.internal.MethodInvocationHelper.invokeMethod(MethodInvocationHelper.java:134)
at org.testng.internal.TestInvoker.invokeMethod(TestInvoker.java:597)
at org.testng.internal.TestInvoker.invokeTestMethod(TestInvoker.java:173)
at org.testng.internal.MethodRunner.runInSequence(MethodRunner.java:46)
at org.testng.internal.TestInvoker$MethodInvocationAgent.invoke(TestInvoker.java:816)
at org.testng.internal.TestInvoker.invokeTestMethods(TestInvoker.java:146)
at org.testng.internal.TestMethodWorker.invokeTestMethods(TestMethodWorker.java:146)
at org.testng.internal.TestMethodWorker.run(TestMethodWorker.java:128)
at java.base/java.util.ArrayList.forEach(ArrayList.java:1510)
at org.testng.TestRunner.privateRun(TestRunner.java:766)
at org.testng.TestRunner.run(TestRunner.java:587)
at org.testng.SuiteRunner.runTest(SuiteRunner.java:384)
at org.testng.SuiteRunner.runSequentially(SuiteRunner.java:378)
at org.testng.SuiteRunner.privateRun(SuiteRunner.java:337)
at org.testng.SuiteRunner.run(SuiteRunner.java:286)
at org.testng.SuiteRunnerWorker.runSuite(SuiteRunnerWorker.java:53)
at org.testng.SuiteRunnerWorker.run(SuiteRunnerWorker.java:96)
at org.testng.TestNG.runSuitesSequentially(TestNG.java:1187)
at org.testng.TestNG.runSuitesLocally(TestNG.java:1109)
at org.testng.TestNG.runSuites(TestNG.java:1039)
at org.testng.TestNG.run(TestNG.java:1007)
at org.apache.maven.surefire.testng.TestNGExecutor.run(TestNGExecutor.java:135)
at org.apache.maven.surefire.testng.TestNGDirectoryTestSuite.executeSingleClass(TestNGDirectoryTestSuite.java:112)
at org.apache.maven.surefire.testng.TestNGDirectoryTestSuite.execute(TestNGDirectoryTestSuite.java:99)
at org.apache.maven.surefire.testng.TestNGProvider.invoke(TestNGProvider.java:146)
at org.apache.maven.surefire.booter.ForkedBooter.runSuitesInProcess(ForkedBooter.java:377)
at org.apache.maven.surefire.booter.ForkedBooter.execute(ForkedBooter.java:138)
at org.apache.maven.surefire.booter.ForkedBooter.run(ForkedBooter.java:465)
at org.apache.maven.surefire.booter.ForkedBooter.main(ForkedBooter.java:451)
]]>
    </failure>
  </testcase> <!-- testGetMaHV -->
  <system-out/>
  <testcase classname="poly.edu.vn.display.other.HocVienNGTest" name="testGetMaNH" time="0.002">
    <failure message="expected [] but found [null]" type="java.lang.AssertionError">
      <![CDATA[java.lang.AssertionError: expected [] but found [null]
at org.testng.Assert.fail(Assert.java:97)
at org.testng.Assert.failNotEquals(Assert.java:969)
at org.testng.Assert.assertEqualsImpl(Assert.java:131)
at org.testng.Assert.assertEquals(Assert.java:118)
at org.testng.Assert.assertEquals(Assert.java:575)
at org.testng.Assert.assertEquals(Assert.java:585)
at poly.edu.vn.display.other.HocVienNGTest.testGetMaNH(HocVienNGTest.java:94)
at java.base/jdk.internal.reflect.NativeMethodAccessorImpl.invoke0(Native Method)
at java.base/jdk.internal.reflect.NativeMethodAccessorImpl.invoke(NativeMethodAccessorImpl.java:62)
at java.base/jdk.internal.reflect.DelegatingMethodAccessorImpl.invoke(DelegatingMethodAccessorImpl.java:43)
at java.base/java.lang.reflect.Method.invoke(Method.java:564)
at org.testng.internal.MethodInvocationHelper.invokeMethod(MethodInvocationHelper.java:134)
at org.testng.internal.TestInvoker.invokeMethod(TestInvoker.java:597)
at org.testng.internal.TestInvoker.invokeTestMethod(TestInvoker.java:173)
at org.testng.internal.MethodRunner.runInSequence(MethodRunner.java:46)
at org.testng.internal.TestInvoker$MethodInvocationAgent.invoke(TestInvoker.java:816)
at org.testng.internal.TestInvoker.invokeTestMethods(TestInvoker.java:146)
at org.testng.internal.TestMethodWorker.invokeTestMethods(TestMethodWorker.java:146)
at org.testng.internal.TestMethodWorker.run(TestMethodWorker.java:128)
at java.base/java.util.ArrayList.forEach(ArrayList.java:1510)
at org.testng.TestRunner.privateRun(TestRunner.java:766)
at org.testng.TestRunner.run(TestRunner.java:587)
at org.testng.SuiteRunner.runTest(SuiteRunner.java:384)
at org.testng.SuiteRunner.runSequentially(SuiteRunner.java:378)
at org.testng.SuiteRunner.privateRun(SuiteRunner.java:337)
at org.testng.SuiteRunner.run(SuiteRunner.java:286)
at org.testng.SuiteRunnerWorker.runSuite(SuiteRunnerWorker.java:53)
at org.testng.SuiteRunnerWorker.run(SuiteRunnerWorker.java:96)
at org.testng.TestNG.runSuitesSequentially(TestNG.java:1187)
at org.testng.TestNG.runSuitesLocally(TestNG.java:1109)
at org.testng.TestNG.runSuites(TestNG.java:1039)
at org.testng.TestNG.run(TestNG.java:1007)
at org.apache.maven.surefire.testng.TestNGExecutor.run(TestNGExecutor.java:135)
at org.apache.maven.surefire.testng.TestNGDirectoryTestSuite.executeSingleClass(TestNGDirectoryTestSuite.java:112)
at org.apache.maven.surefire.testng.TestNGDirectoryTestSuite.execute(TestNGDirectoryTestSuite.java:99)
at org.apache.maven.surefire.testng.TestNGProvider.invoke(TestNGProvider.java:146)
at org.apache.maven.surefire.booter.ForkedBooter.runSuitesInProcess(ForkedBooter.java:377)
at org.apache.maven.surefire.booter.ForkedBooter.execute(ForkedBooter.java:138)
at org.apache.maven.surefire.booter.ForkedBooter.run(ForkedBooter.java:465)
at org.apache.maven.surefire.booter.ForkedBooter.main(ForkedBooter.java:451)
]]>
    </failure>
  </testcase> <!-- testGetMaNH -->
  <system-out/>
  <testcase classname="poly.edu.vn.display.other.HocVienNGTest" name="testToString" time="0.005">
    <error type="java.lang.StackOverflowError">
      <![CDATA[java.lang.StackOverflowError
at poly.edu.vn.display.other.HocVien.toString(HocVien.java:17)
at poly.edu.vn.display.other.HocVien.toString(HocVien.java:17)
at poly.edu.vn.display.other.HocVien.toString(HocVien.java:17)
at poly.edu.vn.display.other.HocVien.toString(HocVien.java:17)
at poly.edu.vn.display.other.HocVien.toString(HocVien.java:17)
at poly.edu.vn.display.other.HocVien.toString(HocVien.java:17)
at poly.edu.vn.display.other.HocVien.toString(HocVien.java:17)
at poly.edu.vn.display.other.HocVien.toString(HocVien.java:17)
at poly.edu.vn.display.other.HocVien.toString(HocVien.java:17)
at poly.edu.vn.display.other.HocVien.toString(HocVien.java:17)
at poly.edu.vn.display.other.HocVien.toString(HocVien.java:17)
at poly.edu.vn.display.other.HocVien.toString(HocVien.java:17)
at poly.edu.vn.display.other.HocVien.toString(HocVien.java:17)
at poly.edu.vn.display.other.HocVien.toString(HocVien.java:17)
at poly.edu.vn.display.other.HocVien.toString(HocVien.java:17)
at poly.edu.vn.display.other.HocVien.toString(HocVien.java:17)
at poly.edu.vn.display.other.HocVien.toString(HocVien.java:17)
at poly.edu.vn.display.other.HocVien.toString(HocVien.java:17)
at poly.edu.vn.display.other.HocVien.toString(HocVien.java:17)
at poly.edu.vn.display.other.HocVien.toString(HocVien.java:17)
at poly.edu.vn.display.other.HocVien.toString(HocVien.java:17)
at poly.edu.vn.display.other.HocVien.toString(HocVien.java:17)
at poly.edu.vn.display.other.HocVien.toString(HocVien.java:17)
at poly.edu.vn.display.other.HocVien.toString(HocVien.java:17)
at poly.edu.vn.display.other.HocVien.toString(HocVien.java:17)
at poly.edu.vn.display.other.HocVien.toString(HocVien.java:17)
at poly.edu.vn.display.other.HocVien.toString(HocVien.java:17)
at poly.edu.vn.display.other.HocVien.toString(HocVien.java:17)
at poly.edu.vn.display.other.HocVien.toString(HocVien.java:17)
at poly.edu.vn.display.other.HocVien.toString(HocVien.java:17)
at poly.edu.vn.display.other.HocVien.toString(HocVien.java:17)
at poly.edu.vn.display.other.HocVien.toString(HocVien.java:17)
at poly.edu.vn.display.other.HocVien.toString(HocVien.java:17)
at poly.edu.vn.display.other.HocVien.toString(HocVien.java:17)
at poly.edu.vn.display.other.HocVien.toString(HocVien.java:17)
at poly.edu.vn.display.other.HocVien.toString(HocVien.java:17)
at poly.edu.vn.display.other.HocVien.toString(HocVien.java:17)
at poly.edu.vn.display.other.HocVien.toString(HocVien.java:17)
at poly.edu.vn.display.other.HocVien.toString(HocVien.java:17)
at poly.edu.vn.display.other.HocVien.toString(HocVien.java:17)
at poly.edu.vn.display.other.HocVien.toString(HocVien.java:17)
at poly.edu.vn.display.other.HocVien.toString(HocVien.java:17)
at poly.edu.vn.display.other.HocVien.toString(HocVien.java:17)
at poly.edu.vn.display.other.HocVien.toString(HocVien.java:17)
at poly.edu.vn.display.other.HocVien.toString(HocVien.java:17)
at poly.edu.vn.display.other.HocVien.toString(HocVien.java:17)
at poly.edu.vn.display.other.HocVien.toString(HocVien.java:17)
at poly.edu.vn.display.other.HocVien.toString(HocVien.java:17)
at poly.edu.vn.display.other.HocVien.toString(HocVien.java:17)
at poly.edu.vn.display.other.HocVien.toString(HocVien.java:17)
at poly.edu.vn.display.other.HocVien.toString(HocVien.java:17)
at poly.edu.vn.display.other.HocVien.toString(HocVien.java:17)
at poly.edu.vn.display.other.HocVien.toString(HocVien.java:17)
at poly.edu.vn.display.other.HocVien.toString(HocVien.java:17)
at poly.edu.vn.display.other.HocVien.toString(HocVien.java:17)
at poly.edu.vn.display.other.HocVien.toString(HocVien.java:17)
at poly.edu.vn.display.other.HocVien.toString(HocVien.java:17)
at poly.edu.vn.display.other.HocVien.toString(HocVien.java:17)
at poly.edu.vn.display.other.HocVien.toString(HocVien.java:17)
at poly.edu.vn.display.other.HocVien.toString(HocVien.java:17)
at poly.edu.vn.display.other.HocVien.toString(HocVien.java:17)
at poly.edu.vn.display.other.HocVien.toString(HocVien.java:17)
at poly.edu.vn.display.other.HocVien.toString(HocVien.java:17)
at poly.edu.vn.display.other.HocVien.toString(HocVien.java:17)
at poly.edu.vn.display.other.HocVien.toString(HocVien.java:17)
at poly.edu.vn.display.other.HocVien.toString(HocVien.java:17)
at poly.edu.vn.display.other.HocVien.toString(HocVien.java:17)
at poly.edu.vn.display.other.HocVien.toString(HocVien.java:17)
at poly.edu.vn.display.other.HocVien.toString(HocVien.java:17)
at poly.edu.vn.display.other.HocVien.toString(HocVien.java:17)
at poly.edu.vn.display.other.HocVien.toString(HocVien.java:17)
at poly.edu.vn.display.other.HocVien.toString(HocVien.java:17)
at poly.edu.vn.display.other.HocVien.toString(HocVien.java:17)
at poly.edu.vn.display.other.HocVien.toString(HocVien.java:17)
at poly.edu.vn.display.other.HocVien.toString(HocVien.java:17)
at poly.edu.vn.display.other.HocVien.toString(HocVien.java:17)
at poly.edu.vn.display.other.HocVien.toString(HocVien.java:17)
at poly.edu.vn.display.other.HocVien.toString(HocVien.java:17)
at poly.edu.vn.display.other.HocVien.toString(HocVien.java:17)
at poly.edu.vn.display.other.HocVien.toString(HocVien.java:17)
at poly.edu.vn.display.other.HocVien.toString(HocVien.java:17)
at poly.edu.vn.display.other.HocVien.toString(HocVien.java:17)
at poly.edu.vn.display.other.HocVien.toString(HocVien.java:17)
at poly.edu.vn.display.other.HocVien.toString(HocVien.java:17)
at poly.edu.vn.display.other.HocVien.toString(HocVien.java:17)
at poly.edu.vn.display.other.HocVien.toString(HocVien.java:17)
at poly.edu.vn.display.other.HocVien.toString(HocVien.java:17)
at poly.edu.vn.display.other.HocVien.toString(HocVien.java:17)
at poly.edu.vn.display.other.HocVien.toString(HocVien.java:17)
at poly.edu.vn.display.other.HocVien.toString(HocVien.java:17)
at poly.edu.vn.display.other.HocVien.toString(HocVien.java:17)
at poly.edu.vn.display.other.HocVien.toString(HocVien.java:17)
at poly.edu.vn.display.other.HocVien.toString(HocVien.java:17)
at poly.edu.vn.display.other.HocVien.toString(HocVien.java:17)
at poly.edu.vn.display.other.HocVien.toString(HocVien.java:17)
at poly.edu.vn.display.other.HocVien.toString(HocVien.java:17)
at poly.edu.vn.display.other.HocVien.toString(HocVien.java:17)
at poly.edu.vn.display.other.HocVien.toString(HocVien.java:17)
at poly.edu.vn.display.other.HocVien.toString(HocVien.java:17)
at poly.edu.vn.display.other.HocVien.toString(HocVien.java:17)
at poly.edu.vn.display.other.HocVien.toString(HocVien.java:17)
at poly.edu.vn.display.other.HocVien.toString(HocVien.java:17)
at poly.edu.vn.display.other.HocVien.toString(HocVien.java:17)
at poly.edu.vn.display.other.HocVien.toString(HocVien.java:17)
at poly.edu.vn.display.other.HocVien.toString(HocVien.java:17)
at poly.edu.vn.display.other.HocVien.toString(HocVien.java:17)
at poly.edu.vn.display.other.HocVien.toString(HocVien.java:17)
at poly.edu.vn.display.other.HocVien.toString(HocVien.java:17)
at poly.edu.vn.display.other.HocVien.toString(HocVien.java:17)
at poly.edu.vn.display.other.HocVien.toString(HocVien.java:17)
at poly.edu.vn.display.other.HocVien.toString(HocVien.java:17)
at poly.edu.vn.display.other.HocVien.toString(HocVien.java:17)
at poly.edu.vn.display.other.HocVien.toString(HocVien.java:17)
at poly.edu.vn.display.other.HocVien.toString(HocVien.java:17)
at poly.edu.vn.display.other.HocVien.toString(HocVien.java:17)
at poly.edu.vn.display.other.HocVien.toString(HocVien.java:17)
at poly.edu.vn.display.other.HocVien.toString(HocVien.java:17)
at poly.edu.vn.display.other.HocVien.toString(HocVien.java:17)
at poly.edu.vn.display.other.HocVien.toString(HocVien.java:17)
at poly.edu.vn.display.other.HocVien.toString(HocVien.java:17)
at poly.edu.vn.display.other.HocVien.toString(HocVien.java:17)
at poly.edu.vn.display.other.HocVien.toString(HocVien.java:17)
at poly.edu.vn.display.other.HocVien.toString(HocVien.java:17)
at poly.edu.vn.display.other.HocVien.toString(HocVien.java:17)
at poly.edu.vn.display.other.HocVien.toString(HocVien.java:17)
at poly.edu.vn.display.other.HocVien.toString(HocVien.java:17)
at poly.edu.vn.display.other.HocVien.toString(HocVien.java:17)
at poly.edu.vn.display.other.HocVien.toString(HocVien.java:17)
at poly.edu.vn.display.other.HocVien.toString(HocVien.java:17)
at poly.edu.vn.display.other.HocVien.toString(HocVien.java:17)
at poly.edu.vn.display.other.HocVien.toString(HocVien.java:17)
at poly.edu.vn.display.other.HocVien.toString(HocVien.java:17)
at poly.edu.vn.display.other.HocVien.toString(HocVien.java:17)
at poly.edu.vn.display.other.HocVien.toString(HocVien.java:17)
at poly.edu.vn.display.other.HocVien.toString(HocVien.java:17)
at poly.edu.vn.display.other.HocVien.toString(HocVien.java:17)
at poly.edu.vn.display.other.HocVien.toString(HocVien.java:17)
at poly.edu.vn.display.other.HocVien.toString(HocVien.java:17)
at poly.edu.vn.display.other.HocVien.toString(HocVien.java:17)
at poly.edu.vn.display.other.HocVien.toString(HocVien.java:17)
at poly.edu.vn.display.other.HocVien.toString(HocVien.java:17)
at poly.edu.vn.display.other.HocVien.toString(HocVien.java:17)
at poly.edu.vn.display.other.HocVien.toString(HocVien.java:17)
at poly.edu.vn.display.other.HocVien.toString(HocVien.java:17)
at poly.edu.vn.display.other.HocVien.toString(HocVien.java:17)
at poly.edu.vn.display.other.HocVien.toString(HocVien.java:17)
at poly.edu.vn.display.other.HocVien.toString(HocVien.java:17)
at poly.edu.vn.display.other.HocVien.toString(HocVien.java:17)
at poly.edu.vn.display.other.HocVien.toString(HocVien.java:17)
at poly.edu.vn.display.other.HocVien.toString(HocVien.java:17)
at poly.edu.vn.display.other.HocVien.toString(HocVien.java:17)
at poly.edu.vn.display.other.HocVien.toString(HocVien.java:17)
at poly.edu.vn.display.other.HocVien.toString(HocVien.java:17)
at poly.edu.vn.display.other.HocVien.toString(HocVien.java:17)
at poly.edu.vn.display.other.HocVien.toString(HocVien.java:17)
at poly.edu.vn.display.other.HocVien.toString(HocVien.java:17)
at poly.edu.vn.display.other.HocVien.toString(HocVien.java:17)
at poly.edu.vn.display.other.HocVien.toString(HocVien.java:17)
at poly.edu.vn.display.other.HocVien.toString(HocVien.java:17)
at poly.edu.vn.display.other.HocVien.toString(HocVien.java:17)
at poly.edu.vn.display.other.HocVien.toString(HocVien.java:17)
at poly.edu.vn.display.other.HocVien.toString(HocVien.java:17)
at poly.edu.vn.display.other.HocVien.toString(HocVien.java:17)
at poly.edu.vn.display.other.HocVien.toString(HocVien.java:17)
at poly.edu.vn.display.other.HocVien.toString(HocVien.java:17)
at poly.edu.vn.display.other.HocVien.toString(HocVien.java:17)
at poly.edu.vn.display.other.HocVien.toString(HocVien.java:17)
at poly.edu.vn.display.other.HocVien.toString(HocVien.java:17)
at poly.edu.vn.display.other.HocVien.toString(HocVien.java:17)
at poly.edu.vn.display.other.HocVien.toString(HocVien.java:17)
at poly.edu.vn.display.other.HocVien.toString(HocVien.java:17)
at poly.edu.vn.display.other.HocVien.toString(HocVien.java:17)
at poly.edu.vn.display.other.HocVien.toString(HocVien.java:17)
at poly.edu.vn.display.other.HocVien.toString(HocVien.java:17)
at poly.edu.vn.display.other.HocVien.toString(HocVien.java:17)
at poly.edu.vn.display.other.HocVien.toString(HocVien.java:17)
at poly.edu.vn.display.other.HocVien.toString(HocVien.java:17)
at poly.edu.vn.display.other.HocVien.toString(HocVien.java:17)
at poly.edu.vn.display.other.HocVien.toString(HocVien.java:17)
at poly.edu.vn.display.other.HocVien.toString(HocVien.java:17)
at poly.edu.vn.display.other.HocVien.toString(HocVien.java:17)
at poly.edu.vn.display.other.HocVien.toString(HocVien.java:17)
at poly.edu.vn.display.other.HocVien.toString(HocVien.java:17)
at poly.edu.vn.display.other.HocVien.toString(HocVien.java:17)
at poly.edu.vn.display.other.HocVien.toString(HocVien.java:17)
at poly.edu.vn.display.other.HocVien.toString(HocVien.java:17)
at poly.edu.vn.display.other.HocVien.toString(HocVien.java:17)
at poly.edu.vn.display.other.HocVien.toString(HocVien.java:17)
at poly.edu.vn.display.other.HocVien.toString(HocVien.java:17)
at poly.edu.vn.display.other.HocVien.toString(HocVien.java:17)
at poly.edu.vn.display.other.HocVien.toString(HocVien.java:17)
at poly.edu.vn.display.other.HocVien.toString(HocVien.java:17)
at poly.edu.vn.display.other.HocVien.toString(HocVien.java:17)
at poly.edu.vn.display.other.HocVien.toString(HocVien.java:17)
at poly.edu.vn.display.other.HocVien.toString(HocVien.java:17)
at poly.edu.vn.display.other.HocVien.toString(HocVien.java:17)
at poly.edu.vn.display.other.HocVien.toString(HocVien.java:17)
at poly.edu.vn.display.other.HocVien.toString(HocVien.java:17)
at poly.edu.vn.display.other.HocVien.toString(HocVien.java:17)
at poly.edu.vn.display.other.HocVien.toString(HocVien.java:17)
at poly.edu.vn.display.other.HocVien.toString(HocVien.java:17)
at poly.edu.vn.display.other.HocVien.toString(HocVien.java:17)
at poly.edu.vn.display.other.HocVien.toString(HocVien.java:17)
at poly.edu.vn.display.other.HocVien.toString(HocVien.java:17)
at poly.edu.vn.display.other.HocVien.toString(HocVien.java:17)
at poly.edu.vn.display.other.HocVien.toString(HocVien.java:17)
at poly.edu.vn.display.other.HocVien.toString(HocVien.java:17)
at poly.edu.vn.display.other.HocVien.toString(HocVien.java:17)
at poly.edu.vn.display.other.HocVien.toString(HocVien.java:17)
at poly.edu.vn.display.other.HocVien.toString(HocVien.java:17)
at poly.edu.vn.display.other.HocVien.toString(HocVien.java:17)
at poly.edu.vn.display.other.HocVien.toString(HocVien.java:17)
at poly.edu.vn.display.other.HocVien.toString(HocVien.java:17)
at poly.edu.vn.display.other.HocVien.toString(HocVien.java:17)
at poly.edu.vn.display.other.HocVien.toString(HocVien.java:17)
at poly.edu.vn.display.other.HocVien.toString(HocVien.java:17)
at poly.edu.vn.display.other.HocVien.toString(HocVien.java:17)
at poly.edu.vn.display.other.HocVien.toString(HocVien.java:17)
at poly.edu.vn.display.other.HocVien.toString(HocVien.java:17)
at poly.edu.vn.display.other.HocVien.toString(HocVien.java:17)
at poly.edu.vn.display.other.HocVien.toString(HocVien.java:17)
at poly.edu.vn.display.other.HocVien.toString(HocVien.java:17)
at poly.edu.vn.display.other.HocVien.toString(HocVien.java:17)
at poly.edu.vn.display.other.HocVien.toString(HocVien.java:17)
at poly.edu.vn.display.other.HocVien.toString(HocVien.java:17)
at poly.edu.vn.display.other.HocVien.toString(HocVien.java:17)
at poly.edu.vn.display.other.HocVien.toString(HocVien.java:17)
at poly.edu.vn.display.other.HocVien.toString(HocVien.java:17)
at poly.edu.vn.display.other.HocVien.toString(HocVien.java:17)
at poly.edu.vn.display.other.HocVien.toString(HocVien.java:17)
at poly.edu.vn.display.other.HocVien.toString(HocVien.java:17)
at poly.edu.vn.display.other.HocVien.toString(HocVien.java:17)
at poly.edu.vn.display.other.HocVien.toString(HocVien.java:17)
at poly.edu.vn.display.other.HocVien.toString(HocVien.java:17)
at poly.edu.vn.display.other.HocVien.toString(HocVien.java:17)
at poly.edu.vn.display.other.HocVien.toString(HocVien.java:17)
at poly.edu.vn.display.other.HocVien.toString(HocVien.java:17)
at poly.edu.vn.display.other.HocVien.toString(HocVien.java:17)
at poly.edu.vn.display.other.HocVien.toString(HocVien.java:17)
at poly.edu.vn.display.other.HocVien.toString(HocVien.java:17)
at poly.edu.vn.display.other.HocVien.toString(HocVien.java:17)
at poly.edu.vn.display.other.HocVien.toString(HocVien.java:17)
at poly.edu.vn.display.other.HocVien.toString(HocVien.java:17)
at poly.edu.vn.display.other.HocVien.toString(HocVien.java:17)
at poly.edu.vn.display.other.HocVien.toString(HocVien.java:17)
at poly.edu.vn.display.other.HocVien.toString(HocVien.java:17)
at poly.edu.vn.display.other.HocVien.toString(HocVien.java:17)
at poly.edu.vn.display.other.HocVien.toString(HocVien.java:17)
at poly.edu.vn.display.other.HocVien.toString(HocVien.java:17)
at poly.edu.vn.display.other.HocVien.toString(HocVien.java:17)
at poly.edu.vn.display.other.HocVien.toString(HocVien.java:17)
at poly.edu.vn.display.other.HocVien.toString(HocVien.java:17)
at poly.edu.vn.display.other.HocVien.toString(HocVien.java:17)
at poly.edu.vn.display.other.HocVien.toString(HocVien.java:17)
at poly.edu.vn.display.other.HocVien.toString(HocVien.java:17)
at poly.edu.vn.display.other.HocVien.toString(HocVien.java:17)
at poly.edu.vn.display.other.HocVien.toString(HocVien.java:17)
at poly.edu.vn.display.other.HocVien.toString(HocVien.java:17)
at poly.edu.vn.display.other.HocVien.toString(HocVien.java:17)
at poly.edu.vn.display.other.HocVien.toString(HocVien.java:17)
at poly.edu.vn.display.other.HocVien.toString(HocVien.java:17)
at poly.edu.vn.display.other.HocVien.toString(HocVien.java:17)
at poly.edu.vn.display.other.HocVien.toString(HocVien.java:17)
at poly.edu.vn.display.other.HocVien.toString(HocVien.java:17)
at poly.edu.vn.display.other.HocVien.toString(HocVien.java:17)
at poly.edu.vn.display.other.HocVien.toString(HocVien.java:17)
at poly.edu.vn.display.other.HocVien.toString(HocVien.java:17)
at poly.edu.vn.display.other.HocVien.toString(HocVien.java:17)
at poly.edu.vn.display.other.HocVien.toString(HocVien.java:17)
at poly.edu.vn.display.other.HocVien.toString(HocVien.java:17)
at poly.edu.vn.display.other.HocVien.toString(HocVien.java:17)
at poly.edu.vn.display.other.HocVien.toString(HocVien.java:17)
at poly.edu.vn.display.other.HocVien.toString(HocVien.java:17)
at poly.edu.vn.display.other.HocVien.toString(HocVien.java:17)
at poly.edu.vn.display.other.HocVien.toString(HocVien.java:17)
at poly.edu.vn.display.other.HocVien.toString(HocVien.java:17)
at poly.edu.vn.display.other.HocVien.toString(HocVien.java:17)
at poly.edu.vn.display.other.HocVien.toString(HocVien.java:17)
at poly.edu.vn.display.other.HocVien.toString(HocVien.java:17)
at poly.edu.vn.display.other.HocVien.toString(HocVien.java:17)
at poly.edu.vn.display.other.HocVien.toString(HocVien.java:17)
at poly.edu.vn.display.other.HocVien.toString(HocVien.java:17)
at poly.edu.vn.display.other.HocVien.toString(HocVien.java:17)
at poly.edu.vn.display.other.HocVien.toString(HocVien.java:17)
at poly.edu.vn.display.other.HocVien.toString(HocVien.java:17)
at poly.edu.vn.display.other.HocVien.toString(HocVien.java:17)
at poly.edu.vn.display.other.HocVien.toString(HocVien.java:17)
at poly.edu.vn.display.other.HocVien.toString(HocVien.java:17)
at poly.edu.vn.display.other.HocVien.toString(HocVien.java:17)
at poly.edu.vn.display.other.HocVien.toString(HocVien.java:17)
at poly.edu.vn.display.other.HocVien.toString(HocVien.java:17)
at poly.edu.vn.display.other.HocVien.toString(HocVien.java:17)
at poly.edu.vn.display.other.HocVien.toString(HocVien.java:17)
at poly.edu.vn.display.other.HocVien.toString(HocVien.java:17)
at poly.edu.vn.display.other.HocVien.toString(HocVien.java:17)
at poly.edu.vn.display.other.HocVien.toString(HocVien.java:17)
at poly.edu.vn.display.other.HocVien.toString(HocVien.java:17)
at poly.edu.vn.display.other.HocVien.toString(HocVien.java:17)
at poly.edu.vn.display.other.HocVien.toString(HocVien.java:17)
at poly.edu.vn.display.other.HocVien.toString(HocVien.java:17)
at poly.edu.vn.display.other.HocVien.toString(HocVien.java:17)
at poly.edu.vn.display.other.HocVien.toString(HocVien.java:17)
at poly.edu.vn.display.other.HocVien.toString(HocVien.java:17)
at poly.edu.vn.display.other.HocVien.toString(HocVien.java:17)
at poly.edu.vn.display.other.HocVien.toString(HocVien.java:17)
at poly.edu.vn.display.other.HocVien.toString(HocVien.java:17)
at poly.edu.vn.display.other.HocVien.toString(HocVien.java:17)
at poly.edu.vn.display.other.HocVien.toString(HocVien.java:17)
at poly.edu.vn.display.other.HocVien.toString(HocVien.java:17)
at poly.edu.vn.display.other.HocVien.toString(HocVien.java:17)
at poly.edu.vn.display.other.HocVien.toString(HocVien.java:17)
at poly.edu.vn.display.other.HocVien.toString(HocVien.java:17)
at poly.edu.vn.display.other.HocVien.toString(HocVien.java:17)
at poly.edu.vn.display.other.HocVien.toString(HocVien.java:17)
at poly.edu.vn.display.other.HocVien.toString(HocVien.java:17)
at poly.edu.vn.display.other.HocVien.toString(HocVien.java:17)
at poly.edu.vn.display.other.HocVien.toString(HocVien.java:17)
at poly.edu.vn.display.other.HocVien.toString(HocVien.java:17)
at poly.edu.vn.display.other.HocVien.toString(HocVien.java:17)
at poly.edu.vn.display.other.HocVien.toString(HocVien.java:17)
at poly.edu.vn.display.other.HocVien.toString(HocVien.java:17)
at poly.edu.vn.display.other.HocVien.toString(HocVien.java:17)
at poly.edu.vn.display.other.HocVien.toString(HocVien.java:17)
at poly.edu.vn.display.other.HocVien.toString(HocVien.java:17)
at poly.edu.vn.display.other.HocVien.toString(HocVien.java:17)
at poly.edu.vn.display.other.HocVien.toString(HocVien.java:17)
at poly.edu.vn.display.other.HocVien.toString(HocVien.java:17)
at poly.edu.vn.display.other.HocVien.toString(HocVien.java:17)
at poly.edu.vn.display.other.HocVien.toString(HocVien.java:17)
at poly.edu.vn.display.other.HocVien.toString(HocVien.java:17)
at poly.edu.vn.display.other.HocVien.toString(HocVien.java:17)
at poly.edu.vn.display.other.HocVien.toString(HocVien.java:17)
at poly.edu.vn.display.other.HocVien.toString(HocVien.java:17)
at poly.edu.vn.display.other.HocVien.toString(HocVien.java:17)
at poly.edu.vn.display.other.HocVien.toString(HocVien.java:17)
at poly.edu.vn.display.other.HocVien.toString(HocVien.java:17)
at poly.edu.vn.display.other.HocVien.toString(HocVien.java:17)
at poly.edu.vn.display.other.HocVien.toString(HocVien.java:17)
at poly.edu.vn.display.other.HocVien.toString(HocVien.java:17)
at poly.edu.vn.display.other.HocVien.toString(HocVien.java:17)
at poly.edu.vn.display.other.HocVien.toString(HocVien.java:17)
at poly.edu.vn.display.other.HocVien.toString(HocVien.java:17)
at poly.edu.vn.display.other.HocVien.toString(HocVien.java:17)
at poly.edu.vn.display.other.HocVien.toString(HocVien.java:17)
at poly.edu.vn.display.other.HocVien.toString(HocVien.java:17)
at poly.edu.vn.display.other.HocVien.toString(HocVien.java:17)
at poly.edu.vn.display.other.HocVien.toString(HocVien.java:17)
at poly.edu.vn.display.other.HocVien.toString(HocVien.java:17)
at poly.edu.vn.display.other.HocVien.toString(HocVien.java:17)
at poly.edu.vn.display.other.HocVien.toString(HocVien.java:17)
at poly.edu.vn.display.other.HocVien.toString(HocVien.java:17)
at poly.edu.vn.display.other.HocVien.toString(HocVien.java:17)
at poly.edu.vn.display.other.HocVien.toString(HocVien.java:17)
at poly.edu.vn.display.other.HocVien.toString(HocVien.java:17)
at poly.edu.vn.display.other.HocVien.toString(HocVien.java:17)
at poly.edu.vn.display.other.HocVien.toString(HocVien.java:17)
at poly.edu.vn.display.other.HocVien.toString(HocVien.java:17)
at poly.edu.vn.display.other.HocVien.toString(HocVien.java:17)
at poly.edu.vn.display.other.HocVien.toString(HocVien.java:17)
at poly.edu.vn.display.other.HocVien.toString(HocVien.java:17)
at poly.edu.vn.display.other.HocVien.toString(HocVien.java:17)
at poly.edu.vn.display.other.HocVien.toString(HocVien.java:17)
at poly.edu.vn.display.other.HocVien.toString(HocVien.java:17)
at poly.edu.vn.display.other.HocVien.toString(HocVien.java:17)
at poly.edu.vn.display.other.HocVien.toString(HocVien.java:17)
at poly.edu.vn.display.other.HocVien.toString(HocVien.java:17)
at poly.edu.vn.display.other.HocVien.toString(HocVien.java:17)
at poly.edu.vn.display.other.HocVien.toString(HocVien.java:17)
at poly.edu.vn.display.other.HocVien.toString(HocVien.java:17)
at poly.edu.vn.display.other.HocVien.toString(HocVien.java:17)
at poly.edu.vn.display.other.HocVien.toString(HocVien.java:17)
at poly.edu.vn.display.other.HocVien.toString(HocVien.java:17)
at poly.edu.vn.display.other.HocVien.toString(HocVien.java:17)
at poly.edu.vn.display.other.HocVien.toString(HocVien.java:17)
at poly.edu.vn.display.other.HocVien.toString(HocVien.java:17)
at poly.edu.vn.display.other.HocVien.toString(HocVien.java:17)
at poly.edu.vn.display.other.HocVien.toString(HocVien.java:17)
at poly.edu.vn.display.other.HocVien.toString(HocVien.java:17)
at poly.edu.vn.display.other.HocVien.toString(HocVien.java:17)
at poly.edu.vn.display.other.HocVien.toString(HocVien.java:17)
at poly.edu.vn.display.other.HocVien.toString(HocVien.java:17)
at poly.edu.vn.display.other.HocVien.toString(HocVien.java:17)
at poly.edu.vn.display.other.HocVien.toString(HocVien.java:17)
at poly.edu.vn.display.other.HocVien.toString(HocVien.java:17)
at poly.edu.vn.display.other.HocVien.toString(HocVien.java:17)
at poly.edu.vn.display.other.HocVien.toString(HocVien.java:17)
at poly.edu.vn.display.other.HocVien.toString(HocVien.java:17)
at poly.edu.vn.display.other.HocVien.toString(HocVien.java:17)
at poly.edu.vn.display.other.HocVien.toString(HocVien.java:17)
at poly.edu.vn.display.other.HocVien.toString(HocVien.java:17)
at poly.edu.vn.display.other.HocVien.toString(HocVien.java:17)
at poly.edu.vn.display.other.HocVien.toString(HocVien.java:17)
at poly.edu.vn.display.other.HocVien.toString(HocVien.java:17)
at poly.edu.vn.display.other.HocVien.toString(HocVien.java:17)
at poly.edu.vn.display.other.HocVien.toString(HocVien.java:17)
at poly.edu.vn.display.other.HocVien.toString(HocVien.java:17)
at poly.edu.vn.display.other.HocVien.toString(HocVien.java:17)
at poly.edu.vn.display.other.HocVien.toString(HocVien.java:17)
at poly.edu.vn.display.other.HocVien.toString(HocVien.java:17)
at poly.edu.vn.display.other.HocVien.toString(HocVien.java:17)
at poly.edu.vn.display.other.HocVien.toString(HocVien.java:17)
at poly.edu.vn.display.other.HocVien.toString(HocVien.java:17)
at poly.edu.vn.display.other.HocVien.toString(HocVien.java:17)
at poly.edu.vn.display.other.HocVien.toString(HocVien.java:17)
at poly.edu.vn.display.other.HocVien.toString(HocVien.java:17)
at poly.edu.vn.display.other.HocVien.toString(HocVien.java:17)
at poly.edu.vn.display.other.HocVien.toString(HocVien.java:17)
at poly.edu.vn.display.other.HocVien.toString(HocVien.java:17)
at poly.edu.vn.display.other.HocVien.toString(HocVien.java:17)
at poly.edu.vn.display.other.HocVien.toString(HocVien.java:17)
at poly.edu.vn.display.other.HocVien.toString(HocVien.java:17)
at poly.edu.vn.display.other.HocVien.toString(HocVien.java:17)
at poly.edu.vn.display.other.HocVien.toString(HocVien.java:17)
at poly.edu.vn.display.other.HocVien.toString(HocVien.java:17)
at poly.edu.vn.display.other.HocVien.toString(HocVien.java:17)
at poly.edu.vn.display.other.HocVien.toString(HocVien.java:17)
at poly.edu.vn.display.other.HocVien.toString(HocVien.java:17)
at poly.edu.vn.display.other.HocVien.toString(HocVien.java:17)
at poly.edu.vn.display.other.HocVien.toString(HocVien.java:17)
at poly.edu.vn.display.other.HocVien.toString(HocVien.java:17)
at poly.edu.vn.display.other.HocVien.toString(HocVien.java:17)
at poly.edu.vn.display.other.HocVien.toString(HocVien.java:17)
at poly.edu.vn.display.other.HocVien.toString(HocVien.java:17)
at poly.edu.vn.display.other.HocVien.toString(HocVien.java:17)
at poly.edu.vn.display.other.HocVien.toString(HocVien.java:17)
at poly.edu.vn.display.other.HocVien.toString(HocVien.java:17)
at poly.edu.vn.display.other.HocVien.toString(HocVien.java:17)
at poly.edu.vn.display.other.HocVien.toString(HocVien.java:17)
at poly.edu.vn.display.other.HocVien.toString(HocVien.java:17)
at poly.edu.vn.display.other.HocVien.toString(HocVien.java:17)
at poly.edu.vn.display.other.HocVien.toString(HocVien.java:17)
at poly.edu.vn.display.other.HocVien.toString(HocVien.java:17)
at poly.edu.vn.display.other.HocVien.toString(HocVien.java:17)
at poly.edu.vn.display.other.HocVien.toString(HocVien.java:17)
at poly.edu.vn.display.other.HocVien.toString(HocVien.java:17)
at poly.edu.vn.display.other.HocVien.toString(HocVien.java:17)
at poly.edu.vn.display.other.HocVien.toString(HocVien.java:17)
at poly.edu.vn.display.other.HocVien.toString(HocVien.java:17)
at poly.edu.vn.display.other.HocVien.toString(HocVien.java:17)
at poly.edu.vn.display.other.HocVien.toString(HocVien.java:17)
at poly.edu.vn.display.other.HocVien.toString(HocVien.java:17)
at poly.edu.vn.display.other.HocVien.toString(HocVien.java:17)
at poly.edu.vn.display.other.HocVien.toString(HocVien.java:17)
at poly.edu.vn.display.other.HocVien.toString(HocVien.java:17)
at poly.edu.vn.display.other.HocVien.toString(HocVien.java:17)
at poly.edu.vn.display.other.HocVien.toString(HocVien.java:17)
at poly.edu.vn.display.other.HocVien.toString(HocVien.java:17)
at poly.edu.vn.display.other.HocVien.toString(HocVien.java:17)
at poly.edu.vn.display.other.HocVien.toString(HocVien.java:17)
at poly.edu.vn.display.other.HocVien.toString(HocVien.java:17)
at poly.edu.vn.display.other.HocVien.toString(HocVien.java:17)
at poly.edu.vn.display.other.HocVien.toString(HocVien.java:17)
at poly.edu.vn.display.other.HocVien.toString(HocVien.java:17)
at poly.edu.vn.display.other.HocVien.toString(HocVien.java:17)
at poly.edu.vn.display.other.HocVien.toString(HocVien.java:17)
at poly.edu.vn.display.other.HocVien.toString(HocVien.java:17)
at poly.edu.vn.display.other.HocVien.toString(HocVien.java:17)
at poly.edu.vn.display.other.HocVien.toString(HocVien.java:17)
at poly.edu.vn.display.other.HocVien.toString(HocVien.java:17)
at poly.edu.vn.display.other.HocVien.toString(HocVien.java:17)
at poly.edu.vn.display.other.HocVien.toString(HocVien.java:17)
at poly.edu.vn.display.other.HocVien.toString(HocVien.java:17)
at poly.edu.vn.display.other.HocVien.toString(HocVien.java:17)
at poly.edu.vn.display.other.HocVien.toString(HocVien.java:17)
at poly.edu.vn.display.other.HocVien.toString(HocVien.java:17)
at poly.edu.vn.display.other.HocVien.toString(HocVien.java:17)
at poly.edu.vn.display.other.HocVien.toString(HocVien.java:17)
at poly.edu.vn.display.other.HocVien.toString(HocVien.java:17)
at poly.edu.vn.display.other.HocVien.toString(HocVien.java:17)
at poly.edu.vn.display.other.HocVien.toString(HocVien.java:17)
at poly.edu.vn.display.other.HocVien.toString(HocVien.java:17)
at poly.edu.vn.display.other.HocVien.toString(HocVien.java:17)
at poly.edu.vn.display.other.HocVien.toString(HocVien.java:17)
at poly.edu.vn.display.other.HocVien.toString(HocVien.java:17)
at poly.edu.vn.display.other.HocVien.toString(HocVien.java:17)
at poly.edu.vn.display.other.HocVien.toString(HocVien.java:17)
at poly.edu.vn.display.other.HocVien.toString(HocVien.java:17)
at poly.edu.vn.display.other.HocVien.toString(HocVien.java:17)
at poly.edu.vn.display.other.HocVien.toString(HocVien.java:17)
at poly.edu.vn.display.other.HocVien.toString(HocVien.java:17)
at poly.edu.vn.display.other.HocVien.toString(HocVien.java:17)
at poly.edu.vn.display.other.HocVien.toString(HocVien.java:17)
at poly.edu.vn.display.other.HocVien.toString(HocVien.java:17)
at poly.edu.vn.display.other.HocVien.toString(HocVien.java:17)
at poly.edu.vn.display.other.HocVien.toString(HocVien.java:17)
at poly.edu.vn.display.other.HocVien.toString(HocVien.java:17)
at poly.edu.vn.display.other.HocVien.toString(HocVien.java:17)
at poly.edu.vn.display.other.HocVien.toString(HocVien.java:17)
at poly.edu.vn.display.other.HocVien.toString(HocVien.java:17)
at poly.edu.vn.display.other.HocVien.toString(HocVien.java:17)
at poly.edu.vn.display.other.HocVien.toString(HocVien.java:17)
at poly.edu.vn.display.other.HocVien.toString(HocVien.java:17)
at poly.edu.vn.display.other.HocVien.toString(HocVien.java:17)
at poly.edu.vn.display.other.HocVien.toString(HocVien.java:17)
at poly.edu.vn.display.other.HocVien.toString(HocVien.java:17)
at poly.edu.vn.display.other.HocVien.toString(HocVien.java:17)
at poly.edu.vn.display.other.HocVien.toString(HocVien.java:17)
at poly.edu.vn.display.other.HocVien.toString(HocVien.java:17)
at poly.edu.vn.display.other.HocVien.toString(HocVien.java:17)
at poly.edu.vn.display.other.HocVien.toString(HocVien.java:17)
at poly.edu.vn.display.other.HocVien.toString(HocVien.java:17)
at poly.edu.vn.display.other.HocVien.toString(HocVien.java:17)
at poly.edu.vn.display.other.HocVien.toString(HocVien.java:17)
at poly.edu.vn.display.other.HocVien.toString(HocVien.java:17)
at poly.edu.vn.display.other.HocVien.toString(HocVien.java:17)
at poly.edu.vn.display.other.HocVien.toString(HocVien.java:17)
at poly.edu.vn.display.other.HocVien.toString(HocVien.java:17)
at poly.edu.vn.display.other.HocVien.toString(HocVien.java:17)
at poly.edu.vn.display.other.HocVien.toString(HocVien.java:17)
at poly.edu.vn.display.other.HocVien.toString(HocVien.java:17)
at poly.edu.vn.display.other.HocVien.toString(HocVien.java:17)
at poly.edu.vn.display.other.HocVien.toString(HocVien.java:17)
at poly.edu.vn.display.other.HocVien.toString(HocVien.java:17)
at poly.edu.vn.display.other.HocVien.toString(HocVien.java:17)
at poly.edu.vn.display.other.HocVien.toString(HocVien.java:17)
at poly.edu.vn.display.other.HocVien.toString(HocVien.java:17)
at poly.edu.vn.display.other.HocVien.toString(HocVien.java:17)
at poly.edu.vn.display.other.HocVien.toString(HocVien.java:17)
at poly.edu.vn.display.other.HocVien.toString(HocVien.java:17)
at poly.edu.vn.display.other.HocVien.toString(HocVien.java:17)
at poly.edu.vn.display.other.HocVien.toString(HocVien.java:17)
at poly.edu.vn.display.other.HocVien.toString(HocVien.java:17)
at poly.edu.vn.display.other.HocVien.toString(HocVien.java:17)
at poly.edu.vn.display.other.HocVien.toString(HocVien.java:17)
at poly.edu.vn.display.other.HocVien.toString(HocVien.java:17)
at poly.edu.vn.display.other.HocVien.toString(HocVien.java:17)
at poly.edu.vn.display.other.HocVien.toString(HocVien.java:17)
at poly.edu.vn.display.other.HocVien.toString(HocVien.java:17)
at poly.edu.vn.display.other.HocVien.toString(HocVien.java:17)
at poly.edu.vn.display.other.HocVien.toString(HocVien.java:17)
at poly.edu.vn.display.other.HocVien.toString(HocVien.java:17)
at poly.edu.vn.display.other.HocVien.toString(HocVien.java:17)
at poly.edu.vn.display.other.HocVien.toString(HocVien.java:17)
at poly.edu.vn.display.other.HocVien.toString(HocVien.java:17)
at poly.edu.vn.display.other.HocVien.toString(HocVien.java:17)
at poly.edu.vn.display.other.HocVien.toString(HocVien.java:17)
at poly.edu.vn.display.other.HocVien.toString(HocVien.java:17)
at poly.edu.vn.display.other.HocVien.toString(HocVien.java:17)
at poly.edu.vn.display.other.HocVien.toString(HocVien.java:17)
at poly.edu.vn.display.other.HocVien.toString(HocVien.java:17)
at poly.edu.vn.display.other.HocVien.toString(HocVien.java:17)
at poly.edu.vn.display.other.HocVien.toString(HocVien.java:17)
at poly.edu.vn.display.other.HocVien.toString(HocVien.java:17)
at poly.edu.vn.display.other.HocVien.toString(HocVien.java:17)
at poly.edu.vn.display.other.HocVien.toString(HocVien.java:17)
at poly.edu.vn.display.other.HocVien.toString(HocVien.java:17)
at poly.edu.vn.display.other.HocVien.toString(HocVien.java:17)
at poly.edu.vn.display.other.HocVien.toString(HocVien.java:17)
at poly.edu.vn.display.other.HocVien.toString(HocVien.java:17)
at poly.edu.vn.display.other.HocVien.toString(HocVien.java:17)
at poly.edu.vn.display.other.HocVien.toString(HocVien.java:17)
at poly.edu.vn.display.other.HocVien.toString(HocVien.java:17)
at poly.edu.vn.display.other.HocVien.toString(HocVien.java:17)
at poly.edu.vn.display.other.HocVien.toString(HocVien.java:17)
at poly.edu.vn.display.other.HocVien.toString(HocVien.java:17)
at poly.edu.vn.display.other.HocVien.toString(HocVien.java:17)
at poly.edu.vn.display.other.HocVien.toString(HocVien.java:17)
at poly.edu.vn.display.other.HocVien.toString(HocVien.java:17)
at poly.edu.vn.display.other.HocVien.toString(HocVien.java:17)
at poly.edu.vn.display.other.HocVien.toString(HocVien.java:17)
at poly.edu.vn.display.other.HocVien.toString(HocVien.java:17)
at poly.edu.vn.display.other.HocVien.toString(HocVien.java:17)
at poly.edu.vn.display.other.HocVien.toString(HocVien.java:17)
at poly.edu.vn.display.other.HocVien.toString(HocVien.java:17)
at poly.edu.vn.display.other.HocVien.toString(HocVien.java:17)
at poly.edu.vn.display.other.HocVien.toString(HocVien.java:17)
at poly.edu.vn.display.other.HocVien.toString(HocVien.java:17)
at poly.edu.vn.display.other.HocVien.toString(HocVien.java:17)
at poly.edu.vn.display.other.HocVien.toString(HocVien.java:17)
at poly.edu.vn.display.other.HocVien.toString(HocVien.java:17)
at poly.edu.vn.display.other.HocVien.toString(HocVien.java:17)
at poly.edu.vn.display.other.HocVien.toString(HocVien.java:17)
at poly.edu.vn.display.other.HocVien.toString(HocVien.java:17)
at poly.edu.vn.display.other.HocVien.toString(HocVien.java:17)
at poly.edu.vn.display.other.HocVien.toString(HocVien.java:17)
at poly.edu.vn.display.other.HocVien.toString(HocVien.java:17)
at poly.edu.vn.display.other.HocVien.toString(HocVien.java:17)
at poly.edu.vn.display.other.HocVien.toString(HocVien.java:17)
at poly.edu.vn.display.other.HocVien.toString(HocVien.java:17)
at poly.edu.vn.display.other.HocVien.toString(HocVien.java:17)
at poly.edu.vn.display.other.HocVien.toString(HocVien.java:17)
at poly.edu.vn.display.other.HocVien.toString(HocVien.java:17)
at poly.edu.vn.display.other.HocVien.toString(HocVien.java:17)
at poly.edu.vn.display.other.HocVien.toString(HocVien.java:17)
at poly.edu.vn.display.other.HocVien.toString(HocVien.java:17)
at poly.edu.vn.display.other.HocVien.toString(HocVien.java:17)
at poly.edu.vn.display.other.HocVien.toString(HocVien.java:17)
at poly.edu.vn.display.other.HocVien.toString(HocVien.java:17)
at poly.edu.vn.display.other.HocVien.toString(HocVien.java:17)
at poly.edu.vn.display.other.HocVien.toString(HocVien.java:17)
at poly.edu.vn.display.other.HocVien.toString(HocVien.java:17)
at poly.edu.vn.display.other.HocVien.toString(HocVien.java:17)
at poly.edu.vn.display.other.HocVien.toString(HocVien.java:17)
at poly.edu.vn.display.other.HocVien.toString(HocVien.java:17)
at poly.edu.vn.display.other.HocVien.toString(HocVien.java:17)
at poly.edu.vn.display.other.HocVien.toString(HocVien.java:17)
at poly.edu.vn.display.other.HocVien.toString(HocVien.java:17)
at poly.edu.vn.display.other.HocVien.toString(HocVien.java:17)
at poly.edu.vn.display.other.HocVien.toString(HocVien.java:17)
at poly.edu.vn.display.other.HocVien.toString(HocVien.java:17)
at poly.edu.vn.display.other.HocVien.toString(HocVien.java:17)
at poly.edu.vn.display.other.HocVien.toString(HocVien.java:17)
at poly.edu.vn.display.other.HocVien.toString(HocVien.java:17)
at poly.edu.vn.display.other.HocVien.toString(HocVien.java:17)
at poly.edu.vn.display.other.HocVien.toString(HocVien.java:17)
at poly.edu.vn.display.other.HocVien.toString(HocVien.java:17)
at poly.edu.vn.display.other.HocVien.toString(HocVien.java:17)
at poly.edu.vn.display.other.HocVien.toString(HocVien.java:17)
at poly.edu.vn.display.other.HocVien.toString(HocVien.java:17)
at poly.edu.vn.display.other.HocVien.toString(HocVien.java:17)
at poly.edu.vn.display.other.HocVien.toString(HocVien.java:17)
at poly.edu.vn.display.other.HocVien.toString(HocVien.java:17)
at poly.edu.vn.display.other.HocVien.toString(HocVien.java:17)
at poly.edu.vn.display.other.HocVien.toString(HocVien.java:17)
at poly.edu.vn.display.other.HocVien.toString(HocVien.java:17)
at poly.edu.vn.display.other.HocVien.toString(HocVien.java:17)
at poly.edu.vn.display.other.HocVien.toString(HocVien.java:17)
at poly.edu.vn.display.other.HocVien.toString(HocVien.java:17)
at poly.edu.vn.display.other.HocVien.toString(HocVien.java:17)
at poly.edu.vn.display.other.HocVien.toString(HocVien.java:17)
at poly.edu.vn.display.other.HocVien.toString(HocVien.java:17)
at poly.edu.vn.display.other.HocVien.toString(HocVien.java:17)
at poly.edu.vn.display.other.HocVien.toString(HocVien.java:17)
at poly.edu.vn.display.other.HocVien.toString(HocVien.java:17)
at poly.edu.vn.display.other.HocVien.toString(HocVien.java:17)
at poly.edu.vn.display.other.HocVien.toString(HocVien.java:17)
at poly.edu.vn.display.other.HocVien.toString(HocVien.java:17)
at poly.edu.vn.display.other.HocVien.toString(HocVien.java:17)
at poly.edu.vn.display.other.HocVien.toString(HocVien.java:17)
at poly.edu.vn.display.other.HocVien.toString(HocVien.java:17)
at poly.edu.vn.display.other.HocVien.toString(HocVien.java:17)
at poly.edu.vn.display.other.HocVien.toString(HocVien.java:17)
at poly.edu.vn.display.other.HocVien.toString(HocVien.java:17)
at poly.edu.vn.display.other.HocVien.toString(HocVien.java:17)
at poly.edu.vn.display.other.HocVien.toString(HocVien.java:17)
at poly.edu.vn.display.other.HocVien.toString(HocVien.java:17)
at poly.edu.vn.display.other.HocVien.toString(HocVien.java:17)
at poly.edu.vn.display.other.HocVien.toString(HocVien.java:17)
at poly.edu.vn.display.other.HocVien.toString(HocVien.java:17)
at poly.edu.vn.display.other.HocVien.toString(HocVien.java:17)
at poly.edu.vn.display.other.HocVien.toString(HocVien.java:17)
at poly.edu.vn.display.other.HocVien.toString(HocVien.java:17)
at poly.edu.vn.display.other.HocVien.toString(HocVien.java:17)
at poly.edu.vn.display.other.HocVien.toString(HocVien.java:17)
at poly.edu.vn.display.other.HocVien.toString(HocVien.java:17)
at poly.edu.vn.display.other.HocVien.toString(HocVien.java:17)
at poly.edu.vn.display.other.HocVien.toString(HocVien.java:17)
at poly.edu.vn.display.other.HocVien.toString(HocVien.java:17)
at poly.edu.vn.display.other.HocVien.toString(HocVien.java:17)
at poly.edu.vn.display.other.HocVien.toString(HocVien.java:17)
at poly.edu.vn.display.other.HocVien.toString(HocVien.java:17)
at poly.edu.vn.display.other.HocVien.toString(HocVien.java:17)
at poly.edu.vn.display.other.HocVien.toString(HocVien.java:17)
at poly.edu.vn.display.other.HocVien.toString(HocVien.java:17)
at poly.edu.vn.display.other.HocVien.toString(HocVien.java:17)
at poly.edu.vn.display.other.HocVien.toString(HocVien.java:17)
at poly.edu.vn.display.other.HocVien.toString(HocVien.java:17)
at poly.edu.vn.display.other.HocVien.toString(HocVien.java:17)
at poly.edu.vn.display.other.HocVien.toString(HocVien.java:17)
at poly.edu.vn.display.other.HocVien.toString(HocVien.java:17)
at poly.edu.vn.display.other.HocVien.toString(HocVien.java:17)
at poly.edu.vn.display.other.HocVien.toString(HocVien.java:17)
at poly.edu.vn.display.other.HocVien.toString(HocVien.java:17)
at poly.edu.vn.display.other.HocVien.toString(HocVien.java:17)
at poly.edu.vn.display.other.HocVien.toString(HocVien.java:17)
at poly.edu.vn.display.other.HocVien.toString(HocVien.java:17)
at poly.edu.vn.display.other.HocVien.toString(HocVien.java:17)
at poly.edu.vn.display.other.HocVien.toString(HocVien.java:17)
at poly.edu.vn.display.other.HocVien.toString(HocVien.java:17)
at poly.edu.vn.display.other.HocVien.toString(HocVien.java:17)
at poly.edu.vn.display.other.HocVien.toString(HocVien.java:17)
at poly.edu.vn.display.other.HocVien.toString(HocVien.java:17)
at poly.edu.vn.display.other.HocVien.toString(HocVien.java:17)
at poly.edu.vn.display.other.HocVien.toString(HocVien.java:17)
at poly.edu.vn.display.other.HocVien.toString(HocVien.java:17)
at poly.edu.vn.display.other.HocVien.toString(HocVien.java:17)
at poly.edu.vn.display.other.HocVien.toString(HocVien.java:17)
at poly.edu.vn.display.other.HocVien.toString(HocVien.java:17)
at poly.edu.vn.display.other.HocVien.toString(HocVien.java:17)
at poly.edu.vn.display.other.HocVien.toString(HocVien.java:17)
at poly.edu.vn.display.other.HocVien.toString(HocVien.java:17)
at poly.edu.vn.display.other.HocVien.toString(HocVien.java:17)
at poly.edu.vn.display.other.HocVien.toString(HocVien.java:17)
at poly.edu.vn.display.other.HocVien.toString(HocVien.java:17)
at poly.edu.vn.display.other.HocVien.toString(HocVien.java:17)
at poly.edu.vn.display.other.HocVien.toString(HocVien.java:17)
at poly.edu.vn.display.other.HocVien.toString(HocVien.java:17)
at poly.edu.vn.display.other.HocVien.toString(HocVien.java:17)
at poly.edu.vn.display.other.HocVien.toString(HocVien.java:17)
at poly.edu.vn.display.other.HocVien.toString(HocVien.java:17)
at poly.edu.vn.display.other.HocVien.toString(HocVien.java:17)
at poly.edu.vn.display.other.HocVien.toString(HocVien.java:17)
at poly.edu.vn.display.other.HocVien.toString(HocVien.java:17)
at poly.edu.vn.display.other.HocVien.toString(HocVien.java:17)
at poly.edu.vn.display.other.HocVien.toString(HocVien.java:17)
at poly.edu.vn.display.other.HocVien.toString(HocVien.java:17)
at poly.edu.vn.display.other.HocVien.toString(HocVien.java:17)
at poly.edu.vn.display.other.HocVien.toString(HocVien.java:17)
at poly.edu.vn.display.other.HocVien.toString(HocVien.java:17)
at poly.edu.vn.display.other.HocVien.toString(HocVien.java:17)
at poly.edu.vn.display.other.HocVien.toString(HocVien.java:17)
at poly.edu.vn.display.other.HocVien.toString(HocVien.java:17)
at poly.edu.vn.display.other.HocVien.toString(HocVien.java:17)
at poly.edu.vn.display.other.HocVien.toString(HocVien.java:17)
at poly.edu.vn.display.other.HocVien.toString(HocVien.java:17)
at poly.edu.vn.display.other.HocVien.toString(HocVien.java:17)
at poly.edu.vn.display.other.HocVien.toString(HocVien.java:17)
at poly.edu.vn.display.other.HocVien.toString(HocVien.java:17)
at poly.edu.vn.display.other.HocVien.toString(HocVien.java:17)
at poly.edu.vn.display.other.HocVien.toString(HocVien.java:17)
at poly.edu.vn.display.other.HocVien.toString(HocVien.java:17)
at poly.edu.vn.display.other.HocVien.toString(HocVien.java:17)
at poly.edu.vn.display.other.HocVien.toString(HocVien.java:17)
at poly.edu.vn.display.other.HocVien.toString(HocVien.java:17)
at poly.edu.vn.display.other.HocVien.toString(HocVien.java:17)
at poly.edu.vn.display.other.HocVien.toString(HocVien.java:17)
at poly.edu.vn.display.other.HocVien.toString(HocVien.java:17)
at poly.edu.vn.display.other.HocVien.toString(HocVien.java:17)
at poly.edu.vn.display.other.HocVien.toString(HocVien.java:17)
at poly.edu.vn.display.other.HocVien.toString(HocVien.java:17)
at poly.edu.vn.display.other.HocVien.toString(HocVien.java:17)
at poly.edu.vn.display.other.HocVien.toString(HocVien.java:17)
at poly.edu.vn.display.other.HocVien.toString(HocVien.java:17)
at poly.edu.vn.display.other.HocVien.toString(HocVien.java:17)
at poly.edu.vn.display.other.HocVien.toString(HocVien.java:17)
at poly.edu.vn.display.other.HocVien.toString(HocVien.java:17)
at poly.edu.vn.display.other.HocVien.toString(HocVien.java:17)
at poly.edu.vn.display.other.HocVien.toString(HocVien.java:17)
at poly.edu.vn.display.other.HocVien.toString(HocVien.java:17)
at poly.edu.vn.display.other.HocVien.toString(HocVien.java:17)
at poly.edu.vn.display.other.HocVien.toString(HocVien.java:17)
at poly.edu.vn.display.other.HocVien.toString(HocVien.java:17)
at poly.edu.vn.display.other.HocVien.toString(HocVien.java:17)
at poly.edu.vn.display.other.HocVien.toString(HocVien.java:17)
at poly.edu.vn.display.other.HocVien.toString(HocVien.java:17)
at poly.edu.vn.display.other.HocVien.toString(HocVien.java:17)
at poly.edu.vn.display.other.HocVien.toString(HocVien.java:17)
at poly.edu.vn.display.other.HocVien.toString(HocVien.java:17)
at poly.edu.vn.display.other.HocVien.toString(HocVien.java:17)
at poly.edu.vn.display.other.HocVien.toString(HocVien.java:17)
at poly.edu.vn.display.other.HocVien.toString(HocVien.java:17)
at poly.edu.vn.display.other.HocVien.toString(HocVien.java:17)
at poly.edu.vn.display.other.HocVien.toString(HocVien.java:17)
at poly.edu.vn.display.other.HocVien.toString(HocVien.java:17)
at poly.edu.vn.display.other.HocVien.toString(HocVien.java:17)
at poly.edu.vn.display.other.HocVien.toString(HocVien.java:17)
at poly.edu.vn.display.other.HocVien.toString(HocVien.java:17)
at poly.edu.vn.display.other.HocVien.toString(HocVien.java:17)
at poly.edu.vn.display.other.HocVien.toString(HocVien.java:17)
at poly.edu.vn.display.other.HocVien.toString(HocVien.java:17)
at poly.edu.vn.display.other.HocVien.toString(HocVien.java:17)
at poly.edu.vn.display.other.HocVien.toString(HocVien.java:17)
at poly.edu.vn.display.other.HocVien.toString(HocVien.java:17)
at poly.edu.vn.display.other.HocVien.toString(HocVien.java:17)
at poly.edu.vn.display.other.HocVien.toString(HocVien.java:17)
at poly.edu.vn.display.other.HocVien.toString(HocVien.java:17)
at poly.edu.vn.display.other.HocVien.toString(HocVien.java:17)
at poly.edu.vn.display.other.HocVien.toString(HocVien.java:17)
at poly.edu.vn.display.other.HocVien.toString(HocVien.java:17)
at poly.edu.vn.display.other.HocVien.toString(HocVien.java:17)
at poly.edu.vn.display.other.HocVien.toString(HocVien.java:17)
at poly.edu.vn.display.other.HocVien.toString(HocVien.java:17)
at poly.edu.vn.display.other.HocVien.toString(HocVien.java:17)
at poly.edu.vn.display.other.HocVien.toString(HocVien.java:17)
at poly.edu.vn.display.other.HocVien.toString(HocVien.java:17)
at poly.edu.vn.display.other.HocVien.toString(HocVien.java:17)
at poly.edu.vn.display.other.HocVien.toString(HocVien.java:17)
at poly.edu.vn.display.other.HocVien.toString(HocVien.java:17)
at poly.edu.vn.display.other.HocVien.toString(HocVien.java:17)
at poly.edu.vn.display.other.HocVien.toString(HocVien.java:17)
at poly.edu.vn.display.other.HocVien.toString(HocVien.java:17)
at poly.edu.vn.display.other.HocVien.toString(HocVien.java:17)
at poly.edu.vn.display.other.HocVien.toString(HocVien.java:17)
at poly.edu.vn.display.other.HocVien.toString(HocVien.java:17)
at poly.edu.vn.display.other.HocVien.toString(HocVien.java:17)
at poly.edu.vn.display.other.HocVien.toString(HocVien.java:17)
at poly.edu.vn.display.other.HocVien.toString(HocVien.java:17)
at poly.edu.vn.display.other.HocVien.toString(HocVien.java:17)
at poly.edu.vn.display.other.HocVien.toString(HocVien.java:17)
at poly.edu.vn.display.other.HocVien.toString(HocVien.java:17)
at poly.edu.vn.display.other.HocVien.toString(HocVien.java:17)
at poly.edu.vn.display.other.HocVien.toString(HocVien.java:17)
at poly.edu.vn.display.other.HocVien.toString(HocVien.java:17)
at poly.edu.vn.display.other.HocVien.toString(HocVien.java:17)
at poly.edu.vn.display.other.HocVien.toString(HocVien.java:17)
at poly.edu.vn.display.other.HocVien.toString(HocVien.java:17)
at poly.edu.vn.display.other.HocVien.toString(HocVien.java:17)
at poly.edu.vn.display.other.HocVien.toString(HocVien.java:17)
at poly.edu.vn.display.other.HocVien.toString(HocVien.java:17)
at poly.edu.vn.display.other.HocVien.toString(HocVien.java:17)
at poly.edu.vn.display.other.HocVien.toString(HocVien.java:17)
at poly.edu.vn.display.other.HocVien.toString(HocVien.java:17)
at poly.edu.vn.display.other.HocVien.toString(HocVien.java:17)
at poly.edu.vn.display.other.HocVien.toString(HocVien.java:17)
at poly.edu.vn.display.other.HocVien.toString(HocVien.java:17)
at poly.edu.vn.display.other.HocVien.toString(HocVien.java:17)
at poly.edu.vn.display.other.HocVien.toString(HocVien.java:17)
at poly.edu.vn.display.other.HocVien.toString(HocVien.java:17)
at poly.edu.vn.display.other.HocVien.toString(HocVien.java:17)
at poly.edu.vn.display.other.HocVien.toString(HocVien.java:17)
at poly.edu.vn.display.other.HocVien.toString(HocVien.java:17)
at poly.edu.vn.display.other.HocVien.toString(HocVien.java:17)
at poly.edu.vn.display.other.HocVien.toString(HocVien.java:17)
at poly.edu.vn.display.other.HocVien.toString(HocVien.java:17)
at poly.edu.vn.display.other.HocVien.toString(HocVien.java:17)
at poly.edu.vn.display.other.HocVien.toString(HocVien.java:17)
at poly.edu.vn.display.other.HocVien.toString(HocVien.java:17)
at poly.edu.vn.display.other.HocVien.toString(HocVien.java:17)
at poly.edu.vn.display.other.HocVien.toString(HocVien.java:17)
at poly.edu.vn.display.other.HocVien.toString(HocVien.java:17)
at poly.edu.vn.display.other.HocVien.toString(HocVien.java:17)
at poly.edu.vn.display.other.HocVien.toString(HocVien.java:17)
at poly.edu.vn.display.other.HocVien.toString(HocVien.java:17)
at poly.edu.vn.display.other.HocVien.toString(HocVien.java:17)
at poly.edu.vn.display.other.HocVien.toString(HocVien.java:17)
at poly.edu.vn.display.other.HocVien.toString(HocVien.java:17)
at poly.edu.vn.display.other.HocVien.toString(HocVien.java:17)
at poly.edu.vn.display.other.HocVien.toString(HocVien.java:17)
at poly.edu.vn.display.other.HocVien.toString(HocVien.java:17)
at poly.edu.vn.display.other.HocVien.toString(HocVien.java:17)
at poly.edu.vn.display.other.HocVien.toString(HocVien.java:17)
at poly.edu.vn.display.other.HocVien.toString(HocVien.java:17)
at poly.edu.vn.display.other.HocVien.toString(HocVien.java:17)
at poly.edu.vn.display.other.HocVien.toString(HocVien.java:17)
at poly.edu.vn.display.other.HocVien.toString(HocVien.java:17)
at poly.edu.vn.display.other.HocVien.toString(HocVien.java:17)
at poly.edu.vn.display.other.HocVien.toString(HocVien.java:17)
at poly.edu.vn.display.other.HocVien.toString(HocVien.java:17)
at poly.edu.vn.display.other.HocVien.toString(HocVien.java:17)
at poly.edu.vn.display.other.HocVien.toString(HocVien.java:17)
at poly.edu.vn.display.other.HocVien.toString(HocVien.java:17)
at poly.edu.vn.display.other.HocVien.toString(HocVien.java:17)
at poly.edu.vn.display.other.HocVien.toString(HocVien.java:17)
at poly.edu.vn.display.other.HocVien.toString(HocVien.java:17)
at poly.edu.vn.display.other.HocVien.toString(HocVien.java:17)
at poly.edu.vn.display.other.HocVien.toString(HocVien.java:17)
at poly.edu.vn.display.other.HocVien.toString(HocVien.java:17)
at poly.edu.vn.display.other.HocVien.toString(HocVien.java:17)
at poly.edu.vn.display.other.HocVien.toString(HocVien.java:17)
at poly.edu.vn.display.other.HocVien.toString(HocVien.java:17)
at poly.edu.vn.display.other.HocVien.toString(HocVien.java:17)
at poly.edu.vn.display.other.HocVien.toString(HocVien.java:17)
at poly.edu.vn.display.other.HocVien.toString(HocVien.java:17)
at poly.edu.vn.display.other.HocVien.toString(HocVien.java:17)
at poly.edu.vn.display.other.HocVien.toString(HocVien.java:17)
at poly.edu.vn.display.other.HocVien.toString(HocVien.java:17)
at poly.edu.vn.display.other.HocVien.toString(HocVien.java:17)
at poly.edu.vn.display.other.HocVien.toString(HocVien.java:17)
at poly.edu.vn.display.other.HocVien.toString(HocVien.java:17)
at poly.edu.vn.display.other.HocVien.toString(HocVien.java:17)
at poly.edu.vn.display.other.HocVien.toString(HocVien.java:17)
at poly.edu.vn.display.other.HocVien.toString(HocVien.java:17)
at poly.edu.vn.display.other.HocVien.toString(HocVien.java:17)
at poly.edu.vn.display.other.HocVien.toString(HocVien.java:17)
at poly.edu.vn.display.other.HocVien.toString(HocVien.java:17)
at poly.edu.vn.display.other.HocVien.toString(HocVien.java:17)
at poly.edu.vn.display.other.HocVien.toString(HocVien.java:17)
at poly.edu.vn.display.other.HocVien.toString(HocVien.java:17)
at poly.edu.vn.display.other.HocVien.toString(HocVien.java:17)
at poly.edu.vn.display.other.HocVien.toString(HocVien.java:17)
at poly.edu.vn.display.other.HocVien.toString(HocVien.java:17)
at poly.edu.vn.display.other.HocVien.toString(HocVien.java:17)
at poly.edu.vn.display.other.HocVien.toString(HocVien.java:17)
at poly.edu.vn.display.other.HocVien.toString(HocVien.java:17)
at poly.edu.vn.display.other.HocVien.toString(HocVien.java:17)
at poly.edu.vn.display.other.HocVien.toString(HocVien.java:17)
at poly.edu.vn.display.other.HocVien.toString(HocVien.java:17)
at poly.edu.vn.display.other.HocVien.toString(HocVien.java:17)
at poly.edu.vn.display.other.HocVien.toString(HocVien.java:17)
at poly.edu.vn.display.other.HocVien.toString(HocVien.java:17)
at poly.edu.vn.display.other.HocVien.toString(HocVien.java:17)
at poly.edu.vn.display.other.HocVien.toString(HocVien.java:17)
at poly.edu.vn.display.other.HocVien.toString(HocVien.java:17)
at poly.edu.vn.display.other.HocVien.toString(HocVien.java:17)
at poly.edu.vn.display.other.HocVien.toString(HocVien.java:17)
at poly.edu.vn.display.other.HocVien.toString(HocVien.java:17)
at poly.edu.vn.display.other.HocVien.toString(HocVien.java:17)
at poly.edu.vn.display.other.HocVien.toString(HocVien.java:17)
at poly.edu.vn.display.other.HocVien.toString(HocVien.java:17)
at poly.edu.vn.display.other.HocVien.toString(HocVien.java:17)
at poly.edu.vn.display.other.HocVien.toString(HocVien.java:17)
at poly.edu.vn.display.other.HocVien.toString(HocVien.java:17)
at poly.edu.vn.display.other.HocVien.toString(HocVien.java:17)
at poly.edu.vn.display.other.HocVien.toString(HocVien.java:17)
at poly.edu.vn.display.other.HocVien.toString(HocVien.java:17)
at poly.edu.vn.display.other.HocVien.toString(HocVien.java:17)
at poly.edu.vn.display.other.HocVien.toString(HocVien.java:17)
at poly.edu.vn.display.other.HocVien.toString(HocVien.java:17)
at poly.edu.vn.display.other.HocVien.toString(HocVien.java:17)
at poly.edu.vn.display.other.HocVien.toString(HocVien.java:17)
at poly.edu.vn.display.other.HocVien.toString(HocVien.java:17)
at poly.edu.vn.display.other.HocVien.toString(HocVien.java:17)
at poly.edu.vn.display.other.HocVien.toString(HocVien.java:17)
at poly.edu.vn.display.other.HocVien.toString(HocVien.java:17)
at poly.edu.vn.display.other.HocVien.toString(HocVien.java:17)
at poly.edu.vn.display.other.HocVien.toString(HocVien.java:17)
at poly.edu.vn.display.other.HocVien.toString(HocVien.java:17)
at poly.edu.vn.display.other.HocVien.toString(HocVien.java:17)
at poly.edu.vn.display.other.HocVien.toString(HocVien.java:17)
at poly.edu.vn.display.other.HocVien.toString(HocVien.java:17)
at poly.edu.vn.display.other.HocVien.toString(HocVien.java:17)
at poly.edu.vn.display.other.HocVien.toString(HocVien.java:17)
at poly.edu.vn.display.other.HocVien.toString(HocVien.java:17)
at poly.edu.vn.display.other.HocVien.toString(HocVien.java:17)
at poly.edu.vn.display.other.HocVien.toString(HocVien.java:17)
at poly.edu.vn.display.other.HocVien.toString(HocVien.java:17)
at poly.edu.vn.display.other.HocVien.toString(HocVien.java:17)
at poly.edu.vn.display.other.HocVien.toString(HocVien.java:17)
at poly.edu.vn.display.other.HocVien.toString(HocVien.java:17)
at poly.edu.vn.display.other.HocVien.toString(HocVien.java:17)
at poly.edu.vn.display.other.HocVien.toString(HocVien.java:17)
at poly.edu.vn.display.other.HocVien.toString(HocVien.java:17)
at poly.edu.vn.display.other.HocVien.toString(HocVien.java:17)
at poly.edu.vn.display.other.HocVien.toString(HocVien.java:17)
at poly.edu.vn.display.other.HocVien.toString(HocVien.java:17)
at poly.edu.vn.display.other.HocVien.toString(HocVien.java:17)
at poly.edu.vn.display.other.HocVien.toString(HocVien.java:17)
at poly.edu.vn.display.other.HocVien.toString(HocVien.java:17)
at poly.edu.vn.display.other.HocVien.toString(HocVien.java:17)
at poly.edu.vn.display.other.HocVien.toString(HocVien.java:17)
at poly.edu.vn.display.other.HocVien.toString(HocVien.java:17)
at poly.edu.vn.display.other.HocVien.toString(HocVien.java:17)
at poly.edu.vn.display.other.HocVien.toString(HocVien.java:17)
at poly.edu.vn.display.other.HocVien.toString(HocVien.java:17)
at poly.edu.vn.display.other.HocVien.toString(HocVien.java:17)
at poly.edu.vn.display.other.HocVien.toString(HocVien.java:17)
at poly.edu.vn.display.other.HocVien.toString(HocVien.java:17)
at poly.edu.vn.display.other.HocVien.toString(HocVien.java:17)
at poly.edu.vn.display.other.HocVien.toString(HocVien.java:17)
at poly.edu.vn.display.other.HocVien.toString(HocVien.java:17)
at poly.edu.vn.display.other.HocVien.toString(HocVien.java:17)
at poly.edu.vn.display.other.HocVien.toString(HocVien.java:17)
at poly.edu.vn.display.other.HocVien.toString(HocVien.java:17)
at poly.edu.vn.display.other.HocVien.toString(HocVien.java:17)
at poly.edu.vn.display.other.HocVien.toString(HocVien.java:17)
at poly.edu.vn.display.other.HocVien.toString(HocVien.java:17)
at poly.edu.vn.display.other.HocVien.toString(HocVien.java:17)
at poly.edu.vn.display.other.HocVien.toString(HocVien.java:17)
at poly.edu.vn.display.other.HocVien.toString(HocVien.java:17)
at poly.edu.vn.display.other.HocVien.toString(HocVien.java:17)
at poly.edu.vn.display.other.HocVien.toString(HocVien.java:17)
at poly.edu.vn.display.other.HocVien.toString(HocVien.java:17)
at poly.edu.vn.display.other.HocVien.toString(HocVien.java:17)
at poly.edu.vn.display.other.HocVien.toString(HocVien.java:17)
at poly.edu.vn.display.other.HocVien.toString(HocVien.java:17)
at poly.edu.vn.display.other.HocVien.toString(HocVien.java:17)
at poly.edu.vn.display.other.HocVien.toString(HocVien.java:17)
at poly.edu.vn.display.other.HocVien.toString(HocVien.java:17)
at poly.edu.vn.display.other.HocVien.toString(HocVien.java:17)
at poly.edu.vn.display.other.HocVien.toString(HocVien.java:17)
at poly.edu.vn.display.other.HocVien.toString(HocVien.java:17)
at poly.edu.vn.display.other.HocVien.toString(HocVien.java:17)
at poly.edu.vn.display.other.HocVien.toString(HocVien.java:17)
at poly.edu.vn.display.other.HocVien.toString(HocVien.java:17)
at poly.edu.vn.display.other.HocVien.toString(HocVien.java:17)
at poly.edu.vn.display.other.HocVien.toString(HocVien.java:17)
at poly.edu.vn.display.other.HocVien.toString(HocVien.java:17)
at poly.edu.vn.display.other.HocVien.toString(HocVien.java:17)
at poly.edu.vn.display.other.HocVien.toString(HocVien.java:17)
at poly.edu.vn.display.other.HocVien.toString(HocVien.java:17)
at poly.edu.vn.display.other.HocVien.toString(HocVien.java:17)
at poly.edu.vn.display.other.HocVien.toString(HocVien.java:17)
at poly.edu.vn.display.other.HocVien.toString(HocVien.java:17)
at poly.edu.vn.display.other.HocVien.toString(HocVien.java:17)
at poly.edu.vn.display.other.HocVien.toString(HocVien.java:17)
at poly.edu.vn.display.other.HocVien.toString(HocVien.java:17)
at poly.edu.vn.display.other.HocVien.toString(HocVien.java:17)
at poly.edu.vn.display.other.HocVien.toString(HocVien.java:17)
at poly.edu.vn.display.other.HocVien.toString(HocVien.java:17)
at poly.edu.vn.display.other.HocVien.toString(HocVien.java:17)
at poly.edu.vn.display.other.HocVien.toString(HocVien.java:17)
at poly.edu.vn.display.other.HocVien.toString(HocVien.java:17)
at poly.edu.vn.display.other.HocVien.toString(HocVien.java:17)
at poly.edu.vn.display.other.HocVien.toString(HocVien.java:17)
at poly.edu.vn.display.other.HocVien.toString(HocVien.java:17)
at poly.edu.vn.display.other.HocVien.toString(HocVien.java:17)
at poly.edu.vn.display.other.HocVien.toString(HocVien.java:17)
at poly.edu.vn.display.other.HocVien.toString(HocVien.java:17)
at poly.edu.vn.display.other.HocVien.toString(HocVien.java:17)
at poly.edu.vn.display.other.HocVien.toString(HocVien.java:17)
at poly.edu.vn.display.other.HocVien.toString(HocVien.java:17)
at poly.edu.vn.display.other.HocVien.toString(HocVien.java:17)
at poly.edu.vn.display.other.HocVien.toString(HocVien.java:17)
at poly.edu.vn.display.other.HocVien.toString(HocVien.java:17)
at poly.edu.vn.display.other.HocVien.toString(HocVien.java:17)
at poly.edu.vn.display.other.HocVien.toString(HocVien.java:17)
at poly.edu.vn.display.other.HocVien.toString(HocVien.java:17)
at poly.edu.vn.display.other.HocVien.toString(HocVien.java:17)
at poly.edu.vn.display.other.HocVien.toString(HocVien.java:17)
at poly.edu.vn.display.other.HocVien.toString(HocVien.java:17)
at poly.edu.vn.display.other.HocVien.toString(HocVien.java:17)
at poly.edu.vn.display.other.HocVien.toString(HocVien.java:17)
at poly.edu.vn.display.other.HocVien.toString(HocVien.java:17)
at poly.edu.vn.display.other.HocVien.toString(HocVien.java:17)
at poly.edu.vn.display.other.HocVien.toString(HocVien.java:17)
at poly.edu.vn.display.other.HocVien.toString(HocVien.java:17)
at poly.edu.vn.display.other.HocVien.toString(HocVien.java:17)
at poly.edu.vn.display.other.HocVien.toString(HocVien.java:17)
at poly.edu.vn.display.other.HocVien.toString(HocVien.java:17)
at poly.edu.vn.display.other.HocVien.toString(HocVien.java:17)
at poly.edu.vn.display.other.HocVien.toString(HocVien.java:17)
at poly.edu.vn.display.other.HocVien.toString(HocVien.java:17)
at poly.edu.vn.display.other.HocVien.toString(HocVien.java:17)
at poly.edu.vn.display.other.HocVien.toString(HocVien.java:17)
at poly.edu.vn.display.other.HocVien.toString(HocVien.java:17)
at poly.edu.vn.display.other.HocVien.toString(HocVien.java:17)
at poly.edu.vn.display.other.HocVien.toString(HocVien.java:17)
at poly.edu.vn.display.other.HocVien.toString(HocVien.java:17)
at poly.edu.vn.display.other.HocVien.toString(HocVien.java:17)
at poly.edu.vn.display.other.HocVien.toString(HocVien.java:17)
at poly.edu.vn.display.other.HocVien.toString(HocVien.java:17)
at poly.edu.vn.display.other.HocVien.toString(HocVien.java:17)
at poly.edu.vn.display.other.HocVien.toString(HocVien.java:17)
at poly.edu.vn.display.other.HocVien.toString(HocVien.java:17)
at poly.edu.vn.display.other.HocVien.toString(HocVien.java:17)
at poly.edu.vn.display.other.HocVien.toString(HocVien.java:17)
at poly.edu.vn.display.other.HocVien.toString(HocVien.java:17)
at poly.edu.vn.display.other.HocVien.toString(HocVien.java:17)
at poly.edu.vn.display.other.HocVien.toString(HocVien.java:17)
at poly.edu.vn.display.other.HocVien.toString(HocVien.java:17)
at poly.edu.vn.display.other.HocVien.toString(HocVien.java:17)
at poly.edu.vn.display.other.HocVien.toString(HocVien.java:17)
at poly.edu.vn.display.other.HocVien.toString(HocVien.java:17)
at poly.edu.vn.display.other.HocVien.toString(HocVien.java:17)
]]>
    </error>
  </testcase> <!-- testToString -->
  <system-out/>
  <testcase classname="poly.edu.vn.display.other.HocVienNGTest" name="testSetDiemWithPostive" time="0.001"/>
  <system-out/>
  <testcase classname="poly.edu.vn.display.other.HocVienNGTest" name="testSetMaKH" time="0.002">
    <failure message="The test case is a prototype." type="java.lang.AssertionError">
      <![CDATA[java.lang.AssertionError: The test case is a prototype.
at org.testng.Assert.fail(Assert.java:97)
at poly.edu.vn.display.other.HocVienNGTest.testSetMaKH(HocVienNGTest.java:85)
at java.base/jdk.internal.reflect.NativeMethodAccessorImpl.invoke0(Native Method)
at java.base/jdk.internal.reflect.NativeMethodAccessorImpl.invoke(NativeMethodAccessorImpl.java:62)
at java.base/jdk.internal.reflect.DelegatingMethodAccessorImpl.invoke(DelegatingMethodAccessorImpl.java:43)
at java.base/java.lang.reflect.Method.invoke(Method.java:564)
at org.testng.internal.MethodInvocationHelper.invokeMethod(MethodInvocationHelper.java:134)
at org.testng.internal.TestInvoker.invokeMethod(TestInvoker.java:597)
at org.testng.internal.TestInvoker.invokeTestMethod(TestInvoker.java:173)
at org.testng.internal.MethodRunner.runInSequence(MethodRunner.java:46)
at org.testng.internal.TestInvoker$MethodInvocationAgent.invoke(TestInvoker.java:816)
at org.testng.internal.TestInvoker.invokeTestMethods(TestInvoker.java:146)
at org.testng.internal.TestMethodWorker.invokeTestMethods(TestMethodWorker.java:146)
at org.testng.internal.TestMethodWorker.run(TestMethodWorker.java:128)
at java.base/java.util.ArrayList.forEach(ArrayList.java:1510)
at org.testng.TestRunner.privateRun(TestRunner.java:766)
at org.testng.TestRunner.run(TestRunner.java:587)
at org.testng.SuiteRunner.runTest(SuiteRunner.java:384)
at org.testng.SuiteRunner.runSequentially(SuiteRunner.java:378)
at org.testng.SuiteRunner.privateRun(SuiteRunner.java:337)
at org.testng.SuiteRunner.run(SuiteRunner.java:286)
at org.testng.SuiteRunnerWorker.runSuite(SuiteRunnerWorker.java:53)
at org.testng.SuiteRunnerWorker.run(SuiteRunnerWorker.java:96)
at org.testng.TestNG.runSuitesSequentially(TestNG.java:1187)
at org.testng.TestNG.runSuitesLocally(TestNG.java:1109)
at org.testng.TestNG.runSuites(TestNG.java:1039)
at org.testng.TestNG.run(TestNG.java:1007)
at org.apache.maven.surefire.testng.TestNGExecutor.run(TestNGExecutor.java:135)
at org.apache.maven.surefire.testng.TestNGDirectoryTestSuite.executeSingleClass(TestNGDirectoryTestSuite.java:112)
at org.apache.maven.surefire.testng.TestNGDirectoryTestSuite.execute(TestNGDirectoryTestSuite.java:99)
at org.apache.maven.surefire.testng.TestNGProvider.invoke(TestNGProvider.java:146)
at org.apache.maven.surefire.booter.ForkedBooter.runSuitesInProcess(ForkedBooter.java:377)
at org.apache.maven.surefire.booter.ForkedBooter.execute(ForkedBooter.java:138)
at org.apache.maven.surefire.booter.ForkedBooter.run(ForkedBooter.java:465)
at org.apache.maven.surefire.booter.ForkedBooter.main(ForkedBooter.java:451)
]]>
    </failure>
  </testcase> <!-- testSetMaKH -->
  <system-out/>
  <testcase classname="poly.edu.vn.display.other.HocVienNGTest" name="testSetDiem" time="0.000">
    <failure message="The test case is a prototype." type="java.lang.AssertionError">
      <![CDATA[java.lang.AssertionError: The test case is a prototype.
at org.testng.Assert.fail(Assert.java:97)
at poly.edu.vn.display.other.HocVienNGTest.testSetDiem(HocVienNGTest.java:123)
at java.base/jdk.internal.reflect.NativeMethodAccessorImpl.invoke0(Native Method)
at java.base/jdk.internal.reflect.NativeMethodAccessorImpl.invoke(NativeMethodAccessorImpl.java:62)
at java.base/jdk.internal.reflect.DelegatingMethodAccessorImpl.invoke(DelegatingMethodAccessorImpl.java:43)
at java.base/java.lang.reflect.Method.invoke(Method.java:564)
at org.testng.internal.MethodInvocationHelper.invokeMethod(MethodInvocationHelper.java:134)
at org.testng.internal.TestInvoker.invokeMethod(TestInvoker.java:597)
at org.testng.internal.TestInvoker.invokeTestMethod(TestInvoker.java:173)
at org.testng.internal.MethodRunner.runInSequence(MethodRunner.java:46)
at org.testng.internal.TestInvoker$MethodInvocationAgent.invoke(TestInvoker.java:816)
at org.testng.internal.TestInvoker.invokeTestMethods(TestInvoker.java:146)
at org.testng.internal.TestMethodWorker.invokeTestMethods(TestMethodWorker.java:146)
at org.testng.internal.TestMethodWorker.run(TestMethodWorker.java:128)
at java.base/java.util.ArrayList.forEach(ArrayList.java:1510)
at org.testng.TestRunner.privateRun(TestRunner.java:766)
at org.testng.TestRunner.run(TestRunner.java:587)
at org.testng.SuiteRunner.runTest(SuiteRunner.java:384)
at org.testng.SuiteRunner.runSequentially(SuiteRunner.java:378)
at org.testng.SuiteRunner.privateRun(SuiteRunner.java:337)
at org.testng.SuiteRunner.run(SuiteRunner.java:286)
at org.testng.SuiteRunnerWorker.runSuite(SuiteRunnerWorker.java:53)
at org.testng.SuiteRunnerWorker.run(SuiteRunnerWorker.java:96)
at org.testng.TestNG.runSuitesSequentially(TestNG.java:1187)
at org.testng.TestNG.runSuitesLocally(TestNG.java:1109)
at org.testng.TestNG.runSuites(TestNG.java:1039)
at org.testng.TestNG.run(TestNG.java:1007)
at org.apache.maven.surefire.testng.TestNGExecutor.run(TestNGExecutor.java:135)
at org.apache.maven.surefire.testng.TestNGDirectoryTestSuite.executeSingleClass(TestNGDirectoryTestSuite.java:112)
at org.apache.maven.surefire.testng.TestNGDirectoryTestSuite.execute(TestNGDirectoryTestSuite.java:99)
at org.apache.maven.surefire.testng.TestNGProvider.invoke(TestNGProvider.java:146)
at org.apache.maven.surefire.booter.ForkedBooter.runSuitesInProcess(ForkedBooter.java:377)
at org.apache.maven.surefire.booter.ForkedBooter.execute(ForkedBooter.java:138)
at org.apache.maven.surefire.booter.ForkedBooter.run(ForkedBooter.java:465)
at org.apache.maven.surefire.booter.ForkedBooter.main(ForkedBooter.java:451)
]]>
    </failure>
  </testcase> <!-- testSetDiem -->
  <system-out/>
  <testcase classname="poly.edu.vn.display.other.HocVienNGTest" name="testSetMaNH" time="0.000">
    <failure message="The test case is a prototype." type="java.lang.AssertionError">
      <![CDATA[java.lang.AssertionError: The test case is a prototype.
at org.testng.Assert.fail(Assert.java:97)
at poly.edu.vn.display.other.HocVienNGTest.testSetMaNH(HocVienNGTest.java:104)
at java.base/jdk.internal.reflect.NativeMethodAccessorImpl.invoke0(Native Method)
at java.base/jdk.internal.reflect.NativeMethodAccessorImpl.invoke(NativeMethodAccessorImpl.java:62)
at java.base/jdk.internal.reflect.DelegatingMethodAccessorImpl.invoke(DelegatingMethodAccessorImpl.java:43)
at java.base/java.lang.reflect.Method.invoke(Method.java:564)
at org.testng.internal.MethodInvocationHelper.invokeMethod(MethodInvocationHelper.java:134)
at org.testng.internal.TestInvoker.invokeMethod(TestInvoker.java:597)
at org.testng.internal.TestInvoker.invokeTestMethod(TestInvoker.java:173)
at org.testng.internal.MethodRunner.runInSequence(MethodRunner.java:46)
at org.testng.internal.TestInvoker$MethodInvocationAgent.invoke(TestInvoker.java:816)
at org.testng.internal.TestInvoker.invokeTestMethods(TestInvoker.java:146)
at org.testng.internal.TestMethodWorker.invokeTestMethods(TestMethodWorker.java:146)
at org.testng.internal.TestMethodWorker.run(TestMethodWorker.java:128)
at java.base/java.util.ArrayList.forEach(ArrayList.java:1510)
at org.testng.TestRunner.privateRun(TestRunner.java:766)
at org.testng.TestRunner.run(TestRunner.java:587)
at org.testng.SuiteRunner.runTest(SuiteRunner.java:384)
at org.testng.SuiteRunner.runSequentially(SuiteRunner.java:378)
at org.testng.SuiteRunner.privateRun(SuiteRunner.java:337)
at org.testng.SuiteRunner.run(SuiteRunner.java:286)
at org.testng.SuiteRunnerWorker.runSuite(SuiteRunnerWorker.java:53)
at org.testng.SuiteRunnerWorker.run(SuiteRunnerWorker.java:96)
at org.testng.TestNG.runSuitesSequentially(TestNG.java:1187)
at org.testng.TestNG.runSuitesLocally(TestNG.java:1109)
at org.testng.TestNG.runSuites(TestNG.java:1039)
at org.testng.TestNG.run(TestNG.java:1007)
at org.apache.maven.surefire.testng.TestNGExecutor.run(TestNGExecutor.java:135)
at org.apache.maven.surefire.testng.TestNGDirectoryTestSuite.executeSingleClass(TestNGDirectoryTestSuite.java:112)
at org.apache.maven.surefire.testng.TestNGDirectoryTestSuite.execute(TestNGDirectoryTestSuite.java:99)
at org.apache.maven.surefire.testng.TestNGProvider.invoke(TestNGProvider.java:146)
at org.apache.maven.surefire.booter.ForkedBooter.runSuitesInProcess(ForkedBooter.java:377)
at org.apache.maven.surefire.booter.ForkedBooter.execute(ForkedBooter.java:138)
at org.apache.maven.surefire.booter.ForkedBooter.run(ForkedBooter.java:465)
at org.apache.maven.surefire.booter.ForkedBooter.main(ForkedBooter.java:451)
]]>
    </failure>
  </testcase> <!-- testSetMaNH -->
  <system-out/>
  <testcase classname="poly.edu.vn.display.other.HocVienNGTest" name="testSetMaHV" time="0.001">
    <failure message="The test case is a prototype." type="java.lang.AssertionError">
      <![CDATA[java.lang.AssertionError: The test case is a prototype.
at org.testng.Assert.fail(Assert.java:97)
at poly.edu.vn.display.other.HocVienNGTest.testSetMaHV(HocVienNGTest.java:66)
at java.base/jdk.internal.reflect.NativeMethodAccessorImpl.invoke0(Native Method)
at java.base/jdk.internal.reflect.NativeMethodAccessorImpl.invoke(NativeMethodAccessorImpl.java:62)
at java.base/jdk.internal.reflect.DelegatingMethodAccessorImpl.invoke(DelegatingMethodAccessorImpl.java:43)
at java.base/java.lang.reflect.Method.invoke(Method.java:564)
at org.testng.internal.MethodInvocationHelper.invokeMethod(MethodInvocationHelper.java:134)
at org.testng.internal.TestInvoker.invokeMethod(TestInvoker.java:597)
at org.testng.internal.TestInvoker.invokeTestMethod(TestInvoker.java:173)
at org.testng.internal.MethodRunner.runInSequence(MethodRunner.java:46)
at org.testng.internal.TestInvoker$MethodInvocationAgent.invoke(TestInvoker.java:816)
at org.testng.internal.TestInvoker.invokeTestMethods(TestInvoker.java:146)
at org.testng.internal.TestMethodWorker.invokeTestMethods(TestMethodWorker.java:146)
at org.testng.internal.TestMethodWorker.run(TestMethodWorker.java:128)
at java.base/java.util.ArrayList.forEach(ArrayList.java:1510)
at org.testng.TestRunner.privateRun(TestRunner.java:766)
at org.testng.TestRunner.run(TestRunner.java:587)
at org.testng.SuiteRunner.runTest(SuiteRunner.java:384)
at org.testng.SuiteRunner.runSequentially(SuiteRunner.java:378)
at org.testng.SuiteRunner.privateRun(SuiteRunner.java:337)
at org.testng.SuiteRunner.run(SuiteRunner.java:286)
at org.testng.SuiteRunnerWorker.runSuite(SuiteRunnerWorker.java:53)
at org.testng.SuiteRunnerWorker.run(SuiteRunnerWorker.java:96)
at org.testng.TestNG.runSuitesSequentially(TestNG.java:1187)
at org.testng.TestNG.runSuitesLocally(TestNG.java:1109)
at org.testng.TestNG.runSuites(TestNG.java:1039)
at org.testng.TestNG.run(TestNG.java:1007)
at org.apache.maven.surefire.testng.TestNGExecutor.run(TestNGExecutor.java:135)
at org.apache.maven.surefire.testng.TestNGDirectoryTestSuite.executeSingleClass(TestNGDirectoryTestSuite.java:112)
at org.apache.maven.surefire.testng.TestNGDirectoryTestSuite.execute(TestNGDirectoryTestSuite.java:99)
at org.apache.maven.surefire.testng.TestNGProvider.invoke(TestNGProvider.java:146)
at org.apache.maven.surefire.booter.ForkedBooter.runSuitesInProcess(ForkedBooter.java:377)
at org.apache.maven.surefire.booter.ForkedBooter.execute(ForkedBooter.java:138)
at org.apache.maven.surefire.booter.ForkedBooter.run(ForkedBooter.java:465)
at org.apache.maven.surefire.booter.ForkedBooter.main(ForkedBooter.java:451)
]]>
    </failure>
  </testcase> <!-- testSetMaHV -->
  <system-out/>
</testsuite> <!-- poly.edu.vn.display.other.HocVienNGTest -->
