<?xml version="1.0" encoding="UTF-8"?>
<!-- Generated by org.testng.reporters.JUnitReportReporter -->
<testsuite hostname="DESKTOP-290VP95" failures="0" tests="5" name="poly.edu.vn.display.other.ThongkeDaoTest" time="14.338" errors="0" timestamp="2020-06-25T13:07:25 ICT" skipped="0">
  <testcase classname="poly.edu.vn.display.other.ThongkeDaoTest" name="testGetDoanhThu" time="2.875"/>
  <system-out/>
  <testcase classname="poly.edu.vn.display.other.ThongkeDaoTest" name="testGetNguoiHoc" time="2.873"/>
  <system-out/>
  <testcase classname="poly.edu.vn.display.other.ThongkeDaoTest" name="testGetBangDiem" time="2.806"/>
  <system-out/>
  <testcase classname="poly.edu.vn.display.other.ThongkeDaoTest" name="testGetDiemTheoChuyenDe" time="2.879"/>
  <system-out/>
  <testcase classname="poly.edu.vn.display.other.ThongkeDaoTest" name="testGetNguoiHocWithMultipleData" time="2.905"/>
  <system-out/>
</testsuite> <!-- poly.edu.vn.display.other.ThongkeDaoTest -->
